#
# There is insufficient memory for the Java Runtime Environment to continue.
# Native memory allocation (malloc) failed to allocate 32744 bytes for Chunk::new
# Possible reasons:
#   The system is out of physical RAM or swap space
#   The process is running with CompressedOops enabled, and the Java Heap may be blocking the growth of the native heap
# Possible solutions:
#   Reduce memory load on the system
#   Increase physical memory or swap space
#   Check if swap backing store is full
#   Decrease Java heap size (-Xmx/-Xms)
#   Decrease number of Java threads
#   Decrease Java thread stack sizes (-Xss)
#   Set larger code cache with -XX:ReservedCodeCacheSize=
#   JVM is running with Unscaled Compressed Oops mode in which the Java heap is
#     placed in the first 4GB address space. The Java Heap base address is the
#     maximum limit for the native heap growth. Please use -XX:HeapBaseMinAddress
#     to set the Java Heap base and to place the Java Heap above 4GB virtual address.
# This output file may be truncated or incomplete.
#
#  Out of Memory Error (arena.cpp:168), pid=4768, tid=7128
#
# JRE version: Java(TM) SE Runtime Environment Oracle GraalVM 21.0.5+9.1 (21.0.5+9) (build 21.0.5+9-LTS-jvmci-23.1-b48)
# Java VM: Java HotSpot(TM) 64-Bit Server VM Oracle GraalVM 21.0.5+9.1 (21.0.5+9-LTS-jvmci-23.1-b48, mixed mode, sharing, tiered, jvmci, jvmci compiler, compressed oops, compressed class ptrs, g1 gc, windows-amd64)
# No core dump will be written. Minidumps are not enabled by default on client versions of Windows
#

---------------  S U M M A R Y ------------

Command Line: -XX:ThreadPriorityPolicy=1 -XX:+UnlockExperimentalVMOptions -XX:+EnableJVMCIProduct -XX:-UnlockExperimentalVMOptions --add-opens=java.base/java.util=ALL-UNNAMED --add-opens=java.base/java.lang=ALL-UNNAMED --add-opens=java.base/java.lang.invoke=ALL-UNNAMED --add-opens=java.prefs/java.util.prefs=ALL-UNNAMED --add-opens=java.base/java.nio.charset=ALL-UNNAMED --add-opens=java.base/java.net=ALL-UNNAMED --add-opens=java.base/java.util.concurrent.atomic=ALL-UNNAMED -XX:MaxMetaspaceSize=384m -XX:+HeapDumpOnOutOfMemoryError -Xms256m -Xmx512m -Dfile.encoding=UTF-8 -Duser.country=FR -Duser.language=fr -Duser.variant -javaagent:C:\Users\RABIO15\.gradle\wrapper\dists\gradle-8.8-bin\dl7vupf4psengwqhwktix4v1\gradle-8.8\lib\agents\gradle-instrumentation-agent-8.8.jar org.gradle.launcher.daemon.bootstrap.GradleDaemon 8.8

Host: Intel(R) Celeron(R) N4120 CPU @ 1.10GHz, 4 cores, 3G,  Windows 11 , 64 bit Build 22000 (10.0.22000.2538)
Time: Wed Jul 23 16:30:27 2025 Paris, Madrid (heure duild 22000 (10.0.22000.2538) elapsed time: 83.547298 seconds (0d 0h 1m 23s)

---------------  T H R E A D  ---------------

Current thread (0x0000021c80f49db0):  JavaThread "C1 CompilerThread1" daemon [_thread_in_native, id=7128, stack(0x000000be8fd00000,0x000000be8fe00000) (1024K)]


Current CompileTask:
C1:  83547 7476       3       com.sun.tools.javac.parser.JavacParser::term3Rest (769 bytes)

Stack: [0x000000be8fd00000,0x000000be8fe00000]
Native frames: (J=compiled Java code, j=interpreted, Vv=VM code, C=native code)
V  [jvm.dll+0x6d3bd9]
V  [jvm.dll+0x85e3a1]
V  [jvm.dll+0x8608ce]
V  [jvm.dll+0x860fa3]
V  [jvm.dll+0x27e016]
V  [jvm.dll+0xc4c2d]
V  [jvm.dll+0xc5163]
V  [jvm.dll+0x27fdd2]
V  [jvm.dll+0x168f89]
V  [jvm.dll+0x16f257]
V  [jvm.dll+0x1511b5]
V  [jvm.dll+0x1703c2]
V  [jvm.dll+0x153428]
V  [jvm.dll+0x152ec6]
V  [jvm.dll+0x1530a4]
V  [jvm.dll+0x1524d6]
V  [jvm.dll+0x1542ad]
V  [jvm.dll+0x2557a9]
V  [jvm.dll+0x253cca]
V  [jvm.dll+0x3ee426]
V  [jvm.dll+0x8087eb]
V  [jvm.dll+0x6d22bd]
C  [ucrtbase.dll+0x26c0c]
C  [KERNEL32.DLL+0x153e0]
C  [ntdll.dll+0x485b]


---------------  P R O C E S S  ---------------

Threads class SMR info:
_java_thread_list=0x0000021c82901a20, length=59, elements={
0x0000021cbae48eb0, 0x0000021cd6b03e40, 0x0000021cd6b04890, 0x0000021cd6b083c0,
0x0000021cd6b08e10, 0x0000021cd6b09c70, 0x0000021cd6b0dd40, 0x0000021cd6b25630,
0x0000021cd6b260c0, 0x0000021cf00ad9c0, 0x0000021cf021b760, 0x0000021c80f49db0,
0x0000021c806cfd20, 0x0000021c8117ff10, 0x0000021c810acd30, 0x0000021c81217c90,
0x0000021c812186c0, 0x0000021c81219620, 0x0000021c81234ed0, 0x0000021c81248c10,
0x0000021c8125c680, 0x0000021c8125a5b0, 0x0000021c8125b960, 0x0000021c8125ac40,
0x0000021c8125bff0, 0x0000021c8125b2d0, 0x0000021c8125da30, 0x0000021c8125d3a0,
0x0000021c81e2ddb0, 0x0000021c81e2afc0, 0x0000021c81e30ba0, 0x0000021c81e2f160,
0x0000021c81e2e440, 0x0000021c81e2ca00, 0x0000021c81e31230, 0x0000021c81e2b650,
0x0000021c81e318c0, 0x0000021c81e2d720, 0x0000021c81e2c370, 0x0000021c81e2f7f0,
0x0000021c81e2a930, 0x0000021c81e31f50, 0x0000021c81e2d090, 0x0000021c81e2fe80,
0x0000021c81e30510, 0x0000021c82cd4eb0, 0x0000021c82cd2750, 0x0000021c82cd13a0,
0x0000021c82cd4190, 0x0000021c82cd4820, 0x0000021c82ccfff0, 0x0000021c82cd1a30,
0x0000021c82cd20c0, 0x0000021c82cd2de0, 0x0000021c82cd5bd0, 0x0000021c82cd6260,
0x0000021c82cd3470, 0x0000021c82cd3b00, 0x0000021c82cd68f0
}

Java Threads: ( => current thread )
  0x0000021cbae48eb0 JavaThread "main"                              [_thread_blocked, id=6352, stack(0x000000be8e800000,0x000000be8e900000) (1024K)]
  0x0000021cd6b03e40 JavaThread "Reference Handler"          daemon [_thread_blocked, id=6324, stack(0x000000be8f000000,0x000000be8f100000) (1024K)]
  0x0000021cd6b04890 JavaThread "Finalizer"                  daemon [_thread_blocked, id=2824, stack(0x000000be8f100000,0x000000be8f200000) (1024K)]
  0x0000021cd6b083c0 JavaThread "Signal Dispatcher"          daemon [_thread_blocked, id=9556, stack(0x000000be8f200000,0x000000be8f300000) (1024K)]
  0x0000021cd6b08e10 JavaThread "Attach Listener"            daemon [_thread_blocked, id=7808, stack(0x000000be8f300000,0x000000be8f400000) (1024K)]
  0x0000021cd6b09c70 JavaThread "Service Thread"             daemon [_thread_blocked, id=10060, stack(0x000000be8f400000,0x000000be8f500000) (1024K)]
  0x0000021cd6b0dd40 JavaThread "Monitor Deflation Thread"   daemon [_thread_blocked, id=8620, stack(0x000000be8f500000,0x000000be8f600000) (1024K)]
  0x0000021cd6b25630 JavaThread "JVMCI-native CompilerThread0" daemon [_thread_in_vm, id=9220, stack(0x000000be8f600000,0x000000be8f700000) (1024K)]
  0x0000021cd6b260c0 JavaThread "C1 CompilerThread0"         daemon [_thread_in_native, id=6824, stack(0x000000be8f700000,0x000000be8f800000) (1024K)]
  0x0000021cf00ad9c0 JavaThread "Common-Cleaner"             daemon [_thread_blocked, id=9348, stack(0x000000be8f800000,0x000000be8f900000) (1024K)]
  0x0000021cf021b760 JavaThread "Notification Thread"        daemon [_thread_blocked, id=7592, stack(0x000000be8fa00000,0x000000be8fb00000) (1024K)]
=>0x0000021c80f49db0 JavaThread "C1 CompilerThread1"         daemon [_thread_in_native, id=7128, stack(0x000000be8fd00000,0x000000be8fe00000) (1024K)]
  0x0000021c806cfd20 JavaThread "Daemon health stats"               [_thread_blocked, id=9036, stack(0x000000be8fe00000,0x000000be8ff00000) (1024K)]
  0x0000021c8117ff10 JavaThread "Incoming local TCP Connector on port 59217"        [_thread_in_native, id=9636, stack(0x000000be8ff00000,0x000000be90000000) (1024K)]
  0x0000021c810acd30 JavaThread "Daemon periodic checks"            [_thread_blocked, id=9084, stack(0x000000be90000000,0x000000be90100000) (1024K)]
  0x0000021c81217c90 JavaThread "Daemon"                            [_thread_blocked, id=6472, stack(0x000000be90100000,0x000000be90200000) (1024K)]
  0x0000021c812186c0 JavaThread "Handler for socket connection from /127.0.0.1:59217 to /127.0.0.1:59218"        [_thread_in_native, id=9012, stack(0x000000be90200000,0x000000be90300000) (1024K)]
  0x0000021c81219620 JavaThread "Cancel handler"                    [_thread_blocked, id=9392, stack(0x000000be90300000,0x000000be90400000) (1024K)]
  0x0000021c81234ed0 JavaThread "Daemon worker"                     [_thread_blocked, id=9652, stack(0x000000be90400000,0x000000be90500000) (1024K)]
  0x0000021c81248c10 JavaThread "Asynchronous log dispatcher for DefaultDaemonConnection: socket connection from /127.0.0.1:59217 to /127.0.0.1:59218"        [_thread_blocked, id=8308, stack(0x000000be90500000,0x000000be90600000) (1024K)]
  0x0000021c8125c680 JavaThread "Stdin handler"                     [_thread_blocked, id=9664, stack(0x000000be90600000,0x000000be90700000) (1024K)]
  0x0000021c8125a5b0 JavaThread "Daemon client event forwarder"        [_thread_blocked, id=4952, stack(0x000000be90700000,0x000000be90800000) (1024K)]
  0x0000021c8125b960 JavaThread "Cache worker for journal cache (C:\Users\RABIO15\.gradle\caches\journal-1)"        [_thread_blocked, id=9604, stack(0x000000be90800000,0x000000be90900000) (1024K)]
  0x0000021c8125ac40 JavaThread "File lock request listener"        [_thread_in_native, id=1156, stack(0x000000be90900000,0x000000be90a00000) (1024K)]
  0x0000021c8125bff0 JavaThread "Cache worker for file hash cache (C:\Users\RABIO15\.gradle\caches\8.8\fileHashes)"        [_thread_blocked, id=5536, stack(0x000000be90a00000,0x000000be90b00000) (1024K)]
  0x0000021c8125b2d0 JavaThread "Cache worker for file hash cache (C:\Users\RABIO15\eclipse-workspace\PluginChunck\.gradle\8.8\fileHashes)"        [_thread_blocked, id=5432, stack(0x000000be8e500000,0x000000be8e600000) (1024K)]
  0x0000021c8125da30 JavaThread "File watcher server"        daemon [_thread_in_native, id=9280, stack(0x000000be8e600000,0x000000be8e700000) (1024K)]
  0x0000021c8125d3a0 JavaThread "File watcher consumer"      daemon [_thread_blocked, id=9504, stack(0x000000be90b00000,0x000000be90c00000) (1024K)]
  0x0000021c81e2ddb0 JavaThread "Cache worker for checksums cache (C:\Users\RABIO15\eclipse-workspace\PluginChunck\.gradle\8.8\checksums)"        [_thread_blocked, id=9740, stack(0x000000be90c00000,0x000000be90d00000) (1024K)]
  0x0000021c81e2afc0 JavaThread "Cache worker for file content cache (C:\Users\RABIO15\.gradle\caches\8.8\fileContent)"        [_thread_blocked, id=4712, stack(0x000000be90d00000,0x000000be90e00000) (1024K)]
  0x0000021c81e30ba0 JavaThread "Cache worker for cache directory md-rule (C:\Users\RABIO15\.gradle\caches\8.8\md-rule)"        [_thread_blocked, id=7012, stack(0x000000be90e00000,0x000000be90f00000) (1024K)]
  0x0000021c81e2f160 JavaThread "Cache worker for cache directory md-supplier (C:\Users\RABIO15\.gradle\caches\8.8\md-supplier)"        [_thread_blocked, id=2012, stack(0x000000be90f00000,0x000000be91000000) (1024K)]
  0x0000021c81e2e440 JavaThread "jar transforms"                    [_thread_blocked, id=6372, stack(0x000000be91000000,0x000000be91100000) (1024K)]
  0x0000021c81e2ca00 JavaThread "jar transforms Thread 2"           [_thread_blocked, id=7156, stack(0x000000be91100000,0x000000be91200000) (1024K)]
  0x0000021c81e31230 JavaThread "jar transforms Thread 3"           [_thread_blocked, id=2716, stack(0x000000be91200000,0x000000be91300000) (1024K)]
  0x0000021c81e2b650 JavaThread "jar transforms Thread 4"           [_thread_blocked, id=3144, stack(0x000000be91300000,0x000000be91400000) (1024K)]
  0x0000021c81e318c0 JavaThread "Cache worker for Build Output Cleanup Cache (C:\Users\RABIO15\eclipse-workspace\PluginChunck\.gradle\buildOutputCleanup)"        [_thread_blocked, id=9564, stack(0x000000be91400000,0x000000be91500000) (1024K)]
  0x0000021c81e2d720 JavaThread "Unconstrained build operations"        [_thread_blocked, id=7376, stack(0x000000be91500000,0x000000be91600000) (1024K)]
  0x0000021c81e2c370 JavaThread "Unconstrained build operations Thread 2"        [_thread_blocked, id=5328, stack(0x000000be91600000,0x000000be91700000) (1024K)]
  0x0000021c81e2f7f0 JavaThread "Unconstrained build operations Thread 3"        [_thread_blocked, id=1348, stack(0x000000be91700000,0x000000be91800000) (1024K)]
  0x0000021c81e2a930 JavaThread "Unconstrained build operations Thread 4"        [_thread_blocked, id=9956, stack(0x000000be91800000,0x000000be91900000) (1024K)]
  0x0000021c81e31f50 JavaThread "Unconstrained build operations Thread 5"        [_thread_blocked, id=9004, stack(0x000000be91900000,0x000000be91a00000) (1024K)]
  0x0000021c81e2d090 JavaThread "Unconstrained build operations Thread 6"        [_thread_blocked, id=3448, stack(0x000000be91a00000,0x000000be91b00000) (1024K)]
  0x0000021c81e2fe80 JavaThread "Unconstrained build operations Thread 7"        [_thread_blocked, id=3252, stack(0x000000be91b00000,0x000000be91c00000) (1024K)]
  0x0000021c81e30510 JavaThread "Unconstrained build operations Thread 8"        [_thread_blocked, id=9456, stack(0x000000be91c00000,0x000000be91d00000) (1024K)]
  0x0000021c82cd4eb0 JavaThread "Unconstrained build operations Thread 9"        [_thread_blocked, id=8196, stack(0x000000be91d00000,0x000000be91e00000) (1024K)]
  0x0000021c82cd2750 JavaThread "Memory manager"                    [_thread_blocked, id=4088, stack(0x000000be91e00000,0x000000be91f00000) (1024K)]
  0x0000021c82cd13a0 JavaThread "included builds"                   [_thread_in_vm, id=2648, stack(0x000000be91f00000,0x000000be92000000) (1024K)]
  0x0000021c82cd4190 JavaThread "Execution worker"                  [_thread_blocked, id=8764, stack(0x000000be92000000,0x000000be92100000) (1024K)]
  0x0000021c82cd4820 JavaThread "Execution worker Thread 2"         [_thread_blocked, id=9104, stack(0x000000be92100000,0x000000be92200000) (1024K)]
  0x0000021c82ccfff0 JavaThread "Execution worker Thread 3"         [_thread_blocked, id=8972, stack(0x000000be92200000,0x000000be92300000) (1024K)]
  0x0000021c82cd1a30 JavaThread "Cache worker for execution history cache (C:\Users\RABIO15\eclipse-workspace\PluginChunck\.gradle\8.8\executionHistory)"        [_thread_blocked, id=4076, stack(0x000000be92300000,0x000000be92400000) (1024K)]
  0x0000021c82cd20c0 JavaThread "Unconstrained build operations Thread 10"        [_thread_blocked, id=2836, stack(0x000000be92400000,0x000000be92500000) (1024K)]
  0x0000021c82cd2de0 JavaThread "Unconstrained build operations Thread 11"        [_thread_blocked, id=532, stack(0x000000be92500000,0x000000be92600000) (1024K)]
  0x0000021c82cd5bd0 JavaThread "Unconstrained build operations Thread 12"        [_thread_blocked, id=9808, stack(0x000000be92600000,0x000000be92700000) (1024K)]
  0x0000021c82cd6260 JavaThread "Cache worker for Java compile cache (C:\Users\RABIO15\.gradle\caches\8.8\javaCompile)"        [_thread_blocked, id=9932, stack(0x000000be92700000,0x000000be92800000) (1024K)]
  0x0000021c82cd3470 JavaThread "Build operations"                  [_thread_blocked, id=5836, stack(0x000000be92800000,0x000000be92900000) (1024K)]
  0x0000021c82cd3b00 JavaThread "Build operations Thread 2"         [_thread_blocked, id=10220, stack(0x000000be92900000,0x000000be92a00000) (1024K)]
  0x0000021c82cd68f0 JavaThread "Build operations Thread 3"         [_thread_blocked, id=8820, stack(0x000000be92a00000,0x000000be92b00000) (1024K)]
Total: 59

Other Threads:
  0x0000021cd6aeafb0 VMThread "VM Thread"                           [id=9728, stack(0x000000be8ef00000,0x000000be8f000000) (1024K)]
  0x0000021cd6adbad0 WatcherThread "VM Periodic Task Thread"        [id=7340, stack(0x000000be8ee00000,0x000000be8ef00000) (1024K)]
  0x0000021cbae72120 WorkerThread "GC Thread#0"                     [id=1728, stack(0x000000be8e900000,0x000000be8ea00000) (1024K)]
  0x0000021cf0244660 WorkerThread "GC Thread#1"                     [id=9724, stack(0x000000be8f900000,0x000000be8fa00000) (1024K)]
  0x0000021cf00b8470 WorkerThread "GC Thread#2"                     [id=9520, stack(0x000000be8fb00000,0x000000be8fc00000) (1024K)]
  0x0000021cf00b8810 WorkerThread "GC Thread#3"                     [id=9592, stack(0x000000be8fc00000,0x000000be8fd00000) (1024K)]
  0x0000021cbae862b0 ConcurrentGCThread "G1 Main Marker"            [id=9420, stack(0x000000be8ea00000,0x000000be8eb00000) (1024K)]
  0x0000021cbae87550 WorkerThread "G1 Conc#0"                       [id=9896, stack(0x000000be8eb00000,0x000000be8ec00000) (1024K)]
  0x0000021cd69ad590 ConcurrentGCThread "G1 Refine#0"               [id=6748, stack(0x000000be8ec00000,0x000000be8ed00000) (1024K)]
  0x0000021cd69aef20 ConcurrentGCThread "G1 Service"                [id=7100, stack(0x000000be8ed00000,0x000000be8ee00000) (1024K)]
Total: 10

Threads with active compile tasks:
JVMCI-native CompilerThread0    83634 7487       4       com.sun.tools.javac.parser.UnicodeReader::isASCII (15 bytes)
C1 CompilerThread0    83634 7475       3       com.sun.tools.javac.parser.JavacParser::term3 (2772 bytes)
C1 CompilerThread1    83634 7476       3       com.sun.tools.javac.parser.JavacParser::term3Rest (769 bytes)
Total: 3

VM state: not at safepoint (normal execution)

VM Mutex/Monitor currently owned by a thread: None

Heap address: 0x00000000e0000000, size: 512 MB, Compressed Oops mode: 32-bit

CDS archive(s) mapped at: [0x0000021cd7000000-0x0000021cd7c90000-0x0000021cd7c90000), size 13172736, SharedBaseAddress: 0x0000021cd7000000, ArchiveRelocationMode: 1.
Compressed class space mapped at: 0x0000021cd8000000-0x0000021cec000000, reserved size: 335544320
Narrow klass base: 0x0000021cd7000000, Narrow klass shift: 0, Narrow klass range: 0x100000000

GC Precious Log:
 CardTable entry size: 512
 Card Set container configuration: InlinePtr #cards 5 size 8 Array Of Cards #cards 12 size 40 Howl #buckets 4 coarsen threshold 1843 Howl Bitmap #cards 512 size 80 coarsen threshold 460 Card regions per heap region 1 cards per card region 2048
 CPUs: 4 total, 4 available
 Memory: 3915M
 Large Page Support: Disabled
 NUMA Support: Disabled
 Compressed Oops: Enabled (32-bit)
 Heap Region Size: 1M
 Heap Min Capacity: 256M
 Heap Initial Capacity: 256M
 Heap Max Capacity: 512M
 Pre-touch: Disabled
 Parallel Workers: 4
 Concurrent Workers: 1
 Concurrent Refinement Workers: 4
 Periodic GC: Disabled

Heap:
 garbage-first heap   total 262144K, used 91136K [0x00000000e0000000, 0x0000000100000000)
  region size 1024K, 36 young (36864K), 2 survivors (2048K)
 Metaspace       used 66011K, committed 67968K, reserved 393216K
  class space    used 9179K, committed 10176K, reserved 327680K

Heap Regions: E=young(eden), S=young(survivor), O=old, HS=humongous(starts), HC=humongous(continues), CS=collection set, F=free, TAMS=top-at-mark-start, PB=parsable bottom
|   0|0x00000000e0000000, 0x00000000e0100000, 0x00000000e0100000|100%| O|  |TAMS 0x00000000e0000000| PB 0x00000000e0000000| Untracked 
|   1|0x00000000e0100000, 0x00000000e0200000, 0x00000000e0200000|100%|HS|  |TAMS 0x00000000e0100000| PB 0x00000000e0100000| Complete 
|   2|0x00000000e0200000, 0x00000000e0300000, 0x00000000e0300000|100%|HC|  |TAMS 0x00000000e0200000| PB 0x00000000e0200000| Complete 
|   3|0x00000000e0300000, 0x00000000e0400000, 0x00000000e0400000|100%|HC|  |TAMS 0x00000000e0300000| PB 0x00000000e0300000| Complete 
|   4|0x00000000e0400000, 0x00000000e0500000, 0x00000000e0500000|100%|HC|  |TAMS 0x00000000e0400000| PB 0x00000000e0400000| Complete 
|   5|0x00000000e0500000, 0x00000000e0600000, 0x00000000e0600000|100%| O|  |TAMS 0x00000000e0500000| PB 0x00000000e0500000| Untracked 
|   6|0x00000000e0600000, 0x00000000e0700000, 0x00000000e0700000|100%| O|  |TAMS 0x00000000e0600000| PB 0x00000000e0600000| Untracked 
|   7|0x00000000e0700000, 0x00000000e0800000, 0x00000000e0800000|100%| O|  |TAMS 0x00000000e0700000| PB 0x00000000e0700000| Untracked 
|   8|0x00000000e0800000, 0x00000000e0900000, 0x00000000e0900000|100%| O|  |TAMS 0x00000000e0800000| PB 0x00000000e0800000| Untracked 
|   9|0x00000000e0900000, 0x00000000e0a00000, 0x00000000e0a00000|100%|HS|  |TAMS 0x00000000e0900000| PB 0x00000000e0900000| Complete 
|  10|0x00000000e0a00000, 0x00000000e0b00000, 0x00000000e0b00000|100%| O|  |TAMS 0x00000000e0a00000| PB 0x00000000e0a00000| Untracked 
|  11|0x00000000e0b00000, 0x00000000e0c00000, 0x00000000e0c00000|100%| O|  |TAMS 0x00000000e0b00000| PB 0x00000000e0b00000| Untracked 
|  12|0x00000000e0c00000, 0x00000000e0d00000, 0x00000000e0d00000|100%| O|  |TAMS 0x00000000e0c00000| PB 0x00000000e0c00000| Untracked 
|  13|0x00000000e0d00000, 0x00000000e0e00000, 0x00000000e0e00000|100%| O|  |TAMS 0x00000000e0d00000| PB 0x00000000e0d00000| Untracked 
|  14|0x00000000e0e00000, 0x00000000e0f00000, 0x00000000e0f00000|100%| O|  |TAMS 0x00000000e0e00000| PB 0x00000000e0e00000| Untracked 
|  15|0x00000000e0f00000, 0x00000000e1000000, 0x00000000e1000000|100%| O|  |TAMS 0x00000000e0f00000| PB 0x00000000e0f00000| Untracked 
|  16|0x00000000e1000000, 0x00000000e1100000, 0x00000000e1100000|100%| O|  |TAMS 0x00000000e1000000| PB 0x00000000e1000000| Untracked 
|  17|0x00000000e1100000, 0x00000000e1200000, 0x00000000e1200000|100%| O|  |TAMS 0x00000000e1100000| PB 0x00000000e1100000| Untracked 
|  18|0x00000000e1200000, 0x00000000e1300000, 0x00000000e1300000|100%| O|  |TAMS 0x00000000e1200000| PB 0x00000000e1200000| Untracked 
|  19|0x00000000e1300000, 0x00000000e1400000, 0x00000000e1400000|100%| O|  |TAMS 0x00000000e1300000| PB 0x00000000e1300000| Untracked 
|  20|0x00000000e1400000, 0x00000000e1500000, 0x00000000e1500000|100%| O|  |TAMS 0x00000000e1400000| PB 0x00000000e1400000| Untracked 
|  21|0x00000000e1500000, 0x00000000e1600000, 0x00000000e1600000|100%| O|  |TAMS 0x00000000e1500000| PB 0x00000000e1500000| Untracked 
|  22|0x00000000e1600000, 0x00000000e1700000, 0x00000000e1700000|100%| O|  |TAMS 0x00000000e1600000| PB 0x00000000e1600000| Untracked 
|  23|0x00000000e1700000, 0x00000000e1800000, 0x00000000e1800000|100%| O|  |TAMS 0x00000000e1700000| PB 0x00000000e1700000| Untracked 
|  24|0x00000000e1800000, 0x00000000e1900000, 0x00000000e1900000|100%| O|  |TAMS 0x00000000e1800000| PB 0x00000000e1800000| Untracked 
|  25|0x00000000e1900000, 0x00000000e1a00000, 0x00000000e1a00000|100%| O|  |TAMS 0x00000000e1900000| PB 0x00000000e1900000| Untracked 
|  26|0x00000000e1a00000, 0x00000000e1b00000, 0x00000000e1b00000|100%| O|  |TAMS 0x00000000e1a00000| PB 0x00000000e1a00000| Untracked 
|  27|0x00000000e1b00000, 0x00000000e1c00000, 0x00000000e1c00000|100%| O|  |TAMS 0x00000000e1b00000| PB 0x00000000e1b00000| Untracked 
|  28|0x00000000e1c00000, 0x00000000e1d00000, 0x00000000e1d00000|100%| O|  |TAMS 0x00000000e1c00000| PB 0x00000000e1c00000| Untracked 
|  29|0x00000000e1d00000, 0x00000000e1e00000, 0x00000000e1e00000|100%| O|Cm|TAMS 0x00000000e1d00000| PB 0x00000000e1d00000| Complete 
|  30|0x00000000e1e00000, 0x00000000e1f00000, 0x00000000e1f00000|100%| O|  |TAMS 0x00000000e1e00000| PB 0x00000000e1e00000| Untracked 
|  31|0x00000000e1f00000, 0x00000000e2000000, 0x00000000e2000000|100%| O|  |TAMS 0x00000000e1f00000| PB 0x00000000e1f00000| Untracked 
|  32|0x00000000e2000000, 0x00000000e2100000, 0x00000000e2100000|100%| O|  |TAMS 0x00000000e2000000| PB 0x00000000e2000000| Untracked 
|  33|0x00000000e2100000, 0x00000000e2200000, 0x00000000e2200000|100%| O|  |TAMS 0x00000000e2100000| PB 0x00000000e2100000| Untracked 
|  34|0x00000000e2200000, 0x00000000e2300000, 0x00000000e2300000|100%| O|  |TAMS 0x00000000e2200000| PB 0x00000000e2200000| Untracked 
|  35|0x00000000e2300000, 0x00000000e2400000, 0x00000000e2400000|100%| O|  |TAMS 0x00000000e2300000| PB 0x00000000e2300000| Untracked 
|  36|0x00000000e2400000, 0x00000000e2500000, 0x00000000e2500000|100%| O|  |TAMS 0x00000000e2400000| PB 0x00000000e2400000| Untracked 
|  37|0x00000000e2500000, 0x00000000e2600000, 0x00000000e2600000|100%| O|  |TAMS 0x00000000e2500000| PB 0x00000000e2500000| Untracked 
|  38|0x00000000e2600000, 0x00000000e2700000, 0x00000000e2700000|100%| O|  |TAMS 0x00000000e2600000| PB 0x00000000e2600000| Untracked 
|  39|0x00000000e2700000, 0x00000000e2800000, 0x00000000e2800000|100%| O|  |TAMS 0x00000000e2700000| PB 0x00000000e2700000| Untracked 
|  40|0x00000000e2800000, 0x00000000e2900000, 0x00000000e2900000|100%| O|  |TAMS 0x00000000e2800000| PB 0x00000000e2800000| Untracked 
|  41|0x00000000e2900000, 0x00000000e2a00000, 0x00000000e2a00000|100%| O|  |TAMS 0x00000000e2900000| PB 0x00000000e2900000| Untracked 
|  42|0x00000000e2a00000, 0x00000000e2b00000, 0x00000000e2b00000|100%| O|  |TAMS 0x00000000e2a00000| PB 0x00000000e2a00000| Untracked 
|  43|0x00000000e2b00000, 0x00000000e2c00000, 0x00000000e2c00000|100%| O|  |TAMS 0x00000000e2b00000| PB 0x00000000e2b00000| Untracked 
|  44|0x00000000e2c00000, 0x00000000e2d00000, 0x00000000e2d00000|100%| O|  |TAMS 0x00000000e2c00000| PB 0x00000000e2c00000| Untracked 
|  45|0x00000000e2d00000, 0x00000000e2e00000, 0x00000000e2e00000|100%| O|  |TAMS 0x00000000e2d00000| PB 0x00000000e2d00000| Untracked 
|  46|0x00000000e2e00000, 0x00000000e2f00000, 0x00000000e2f00000|100%| O|  |TAMS 0x00000000e2e00000| PB 0x00000000e2e00000| Untracked 
|  47|0x00000000e2f00000, 0x00000000e3000000, 0x00000000e3000000|100%| O|  |TAMS 0x00000000e2f00000| PB 0x00000000e2f00000| Untracked 
|  48|0x00000000e3000000, 0x00000000e3100000, 0x00000000e3100000|100%| O|  |TAMS 0x00000000e3000000| PB 0x00000000e3000000| Untracked 
|  49|0x00000000e3100000, 0x00000000e3200000, 0x00000000e3200000|100%|HS|  |TAMS 0x00000000e3100000| PB 0x00000000e3100000| Complete 
|  50|0x00000000e3200000, 0x00000000e3300000, 0x00000000e3300000|100%|HC|  |TAMS 0x00000000e3200000| PB 0x00000000e3200000| Complete 
|  51|0x00000000e3300000, 0x00000000e3400000, 0x00000000e3400000|100%|HC|  |TAMS 0x00000000e3300000| PB 0x00000000e3300000| Complete 
|  52|0x00000000e3400000, 0x00000000e3500000, 0x00000000e3500000|100%|HS|  |TAMS 0x00000000e3400000| PB 0x00000000e3400000| Complete 
|  53|0x00000000e3500000, 0x00000000e3600000, 0x00000000e3600000|100%|HC|  |TAMS 0x00000000e3500000| PB 0x00000000e3500000| Complete 
|  54|0x00000000e3600000, 0x00000000e3700000, 0x00000000e3700000|100%|HC|  |TAMS 0x00000000e3600000| PB 0x00000000e3600000| Complete 
|  55|0x00000000e3700000, 0x00000000e3700000, 0x00000000e3800000|  0%| F|  |TAMS 0x00000000e3700000| PB 0x00000000e3700000| Untracked 
|  56|0x00000000e3800000, 0x00000000e3800000, 0x00000000e3900000|  0%| F|  |TAMS 0x00000000e3800000| PB 0x00000000e3800000| Untracked 
|  57|0x00000000e3900000, 0x00000000e3900000, 0x00000000e3a00000|  0%| F|  |TAMS 0x00000000e3900000| PB 0x00000000e3900000| Untracked 
|  58|0x00000000e3a00000, 0x00000000e3a00000, 0x00000000e3b00000|  0%| F|  |TAMS 0x00000000e3a00000| PB 0x00000000e3a00000| Untracked 
|  59|0x00000000e3b00000, 0x00000000e3b00000, 0x00000000e3c00000|  0%| F|  |TAMS 0x00000000e3b00000| PB 0x00000000e3b00000| Untracked 
|  60|0x00000000e3c00000, 0x00000000e3c00000, 0x00000000e3d00000|  0%| F|  |TAMS 0x00000000e3c00000| PB 0x00000000e3c00000| Untracked 
|  61|0x00000000e3d00000, 0x00000000e3d00000, 0x00000000e3e00000|  0%| F|  |TAMS 0x00000000e3d00000| PB 0x00000000e3d00000| Untracked 
|  62|0x00000000e3e00000, 0x00000000e3e00000, 0x00000000e3f00000|  0%| F|  |TAMS 0x00000000e3e00000| PB 0x00000000e3e00000| Untracked 
|  63|0x00000000e3f00000, 0x00000000e3f00000, 0x00000000e4000000|  0%| F|  |TAMS 0x00000000e3f00000| PB 0x00000000e3f00000| Untracked 
|  64|0x00000000e4000000, 0x00000000e4000000, 0x00000000e4100000|  0%| F|  |TAMS 0x00000000e4000000| PB 0x00000000e4000000| Untracked 
|  65|0x00000000e4100000, 0x00000000e4100000, 0x00000000e4200000|  0%| F|  |TAMS 0x00000000e4100000| PB 0x00000000e4100000| Untracked 
|  66|0x00000000e4200000, 0x00000000e4200000, 0x00000000e4300000|  0%| F|  |TAMS 0x00000000e4200000| PB 0x00000000e4200000| Untracked 
|  67|0x00000000e4300000, 0x00000000e4300000, 0x00000000e4400000|  0%| F|  |TAMS 0x00000000e4300000| PB 0x00000000e4300000| Untracked 
|  68|0x00000000e4400000, 0x00000000e4400000, 0x00000000e4500000|  0%| F|  |TAMS 0x00000000e4400000| PB 0x00000000e4400000| Untracked 
|  69|0x00000000e4500000, 0x00000000e4500000, 0x00000000e4600000|  0%| F|  |TAMS 0x00000000e4500000| PB 0x00000000e4500000| Untracked 
|  70|0x00000000e4600000, 0x00000000e4600000, 0x00000000e4700000|  0%| F|  |TAMS 0x00000000e4600000| PB 0x00000000e4600000| Untracked 
|  71|0x00000000e4700000, 0x00000000e4700000, 0x00000000e4800000|  0%| F|  |TAMS 0x00000000e4700000| PB 0x00000000e4700000| Untracked 
|  72|0x00000000e4800000, 0x00000000e4800000, 0x00000000e4900000|  0%| F|  |TAMS 0x00000000e4800000| PB 0x00000000e4800000| Untracked 
|  73|0x00000000e4900000, 0x00000000e4900000, 0x00000000e4a00000|  0%| F|  |TAMS 0x00000000e4900000| PB 0x00000000e4900000| Untracked 
|  74|0x00000000e4a00000, 0x00000000e4a00000, 0x00000000e4b00000|  0%| F|  |TAMS 0x00000000e4a00000| PB 0x00000000e4a00000| Untracked 
|  75|0x00000000e4b00000, 0x00000000e4b00000, 0x00000000e4c00000|  0%| F|  |TAMS 0x00000000e4b00000| PB 0x00000000e4b00000| Untracked 
|  76|0x00000000e4c00000, 0x00000000e4c00000, 0x00000000e4d00000|  0%| F|  |TAMS 0x00000000e4c00000| PB 0x00000000e4c00000| Untracked 
|  77|0x00000000e4d00000, 0x00000000e4d00000, 0x00000000e4e00000|  0%| F|  |TAMS 0x00000000e4d00000| PB 0x00000000e4d00000| Untracked 
|  78|0x00000000e4e00000, 0x00000000e4e00000, 0x00000000e4f00000|  0%| F|  |TAMS 0x00000000e4e00000| PB 0x00000000e4e00000| Untracked 
|  79|0x00000000e4f00000, 0x00000000e4f00000, 0x00000000e5000000|  0%| F|  |TAMS 0x00000000e4f00000| PB 0x00000000e4f00000| Untracked 
|  80|0x00000000e5000000, 0x00000000e5000000, 0x00000000e5100000|  0%| F|  |TAMS 0x00000000e5000000| PB 0x00000000e5000000| Untracked 
|  81|0x00000000e5100000, 0x00000000e5100000, 0x00000000e5200000|  0%| F|  |TAMS 0x00000000e5100000| PB 0x00000000e5100000| Untracked 
|  82|0x00000000e5200000, 0x00000000e5200000, 0x00000000e5300000|  0%| F|  |TAMS 0x00000000e5200000| PB 0x00000000e5200000| Untracked 
|  83|0x00000000e5300000, 0x00000000e5300000, 0x00000000e5400000|  0%| F|  |TAMS 0x00000000e5300000| PB 0x00000000e5300000| Untracked 
|  84|0x00000000e5400000, 0x00000000e5400000, 0x00000000e5500000|  0%| F|  |TAMS 0x00000000e5400000| PB 0x00000000e5400000| Untracked 
|  85|0x00000000e5500000, 0x00000000e5500000, 0x00000000e5600000|  0%| F|  |TAMS 0x00000000e5500000| PB 0x00000000e5500000| Untracked 
|  86|0x00000000e5600000, 0x00000000e5600000, 0x00000000e5700000|  0%| F|  |TAMS 0x00000000e5600000| PB 0x00000000e5600000| Untracked 
|  87|0x00000000e5700000, 0x00000000e5700000, 0x00000000e5800000|  0%| F|  |TAMS 0x00000000e5700000| PB 0x00000000e5700000| Untracked 
|  88|0x00000000e5800000, 0x00000000e5800000, 0x00000000e5900000|  0%| F|  |TAMS 0x00000000e5800000| PB 0x00000000e5800000| Untracked 
|  89|0x00000000e5900000, 0x00000000e5900000, 0x00000000e5a00000|  0%| F|  |TAMS 0x00000000e5900000| PB 0x00000000e5900000| Untracked 
|  90|0x00000000e5a00000, 0x00000000e5a00000, 0x00000000e5b00000|  0%| F|  |TAMS 0x00000000e5a00000| PB 0x00000000e5a00000| Untracked 
|  91|0x00000000e5b00000, 0x00000000e5b00000, 0x00000000e5c00000|  0%| F|  |TAMS 0x00000000e5b00000| PB 0x00000000e5b00000| Untracked 
|  92|0x00000000e5c00000, 0x00000000e5c00000, 0x00000000e5d00000|  0%| F|  |TAMS 0x00000000e5c00000| PB 0x00000000e5c00000| Untracked 
|  93|0x00000000e5d00000, 0x00000000e5d00000, 0x00000000e5e00000|  0%| F|  |TAMS 0x00000000e5d00000| PB 0x00000000e5d00000| Untracked 
|  94|0x00000000e5e00000, 0x00000000e5e00000, 0x00000000e5f00000|  0%| F|  |TAMS 0x00000000e5e00000| PB 0x00000000e5e00000| Untracked 
|  95|0x00000000e5f00000, 0x00000000e5f00000, 0x00000000e6000000|  0%| F|  |TAMS 0x00000000e5f00000| PB 0x00000000e5f00000| Untracked 
|  96|0x00000000e6000000, 0x00000000e6000000, 0x00000000e6100000|  0%| F|  |TAMS 0x00000000e6000000| PB 0x00000000e6000000| Untracked 
|  97|0x00000000e6100000, 0x00000000e6100000, 0x00000000e6200000|  0%| F|  |TAMS 0x00000000e6100000| PB 0x00000000e6100000| Untracked 
|  98|0x00000000e6200000, 0x00000000e6200000, 0x00000000e6300000|  0%| F|  |TAMS 0x00000000e6200000| PB 0x00000000e6200000| Untracked 
|  99|0x00000000e6300000, 0x00000000e6300000, 0x00000000e6400000|  0%| F|  |TAMS 0x00000000e6300000| PB 0x00000000e6300000| Untracked 
| 100|0x00000000e6400000, 0x00000000e6400000, 0x00000000e6500000|  0%| F|  |TAMS 0x00000000e6400000| PB 0x00000000e6400000| Untracked 
| 101|0x00000000e6500000, 0x00000000e6500000, 0x00000000e6600000|  0%| F|  |TAMS 0x00000000e6500000| PB 0x00000000e6500000| Untracked 
| 102|0x00000000e6600000, 0x00000000e6600000, 0x00000000e6700000|  0%| F|  |TAMS 0x00000000e6600000| PB 0x00000000e6600000| Untracked 
| 103|0x00000000e6700000, 0x00000000e6700000, 0x00000000e6800000|  0%| F|  |TAMS 0x00000000e6700000| PB 0x00000000e6700000| Untracked 
| 104|0x00000000e6800000, 0x00000000e6800000, 0x00000000e6900000|  0%| F|  |TAMS 0x00000000e6800000| PB 0x00000000e6800000| Untracked 
| 105|0x00000000e6900000, 0x00000000e6900000, 0x00000000e6a00000|  0%| F|  |TAMS 0x00000000e6900000| PB 0x00000000e6900000| Untracked 
| 106|0x00000000e6a00000, 0x00000000e6a00000, 0x00000000e6b00000|  0%| F|  |TAMS 0x00000000e6a00000| PB 0x00000000e6a00000| Untracked 
| 107|0x00000000e6b00000, 0x00000000e6b00000, 0x00000000e6c00000|  0%| F|  |TAMS 0x00000000e6b00000| PB 0x00000000e6b00000| Untracked 
| 108|0x00000000e6c00000, 0x00000000e6c00000, 0x00000000e6d00000|  0%| F|  |TAMS 0x00000000e6c00000| PB 0x00000000e6c00000| Untracked 
| 109|0x00000000e6d00000, 0x00000000e6d00000, 0x00000000e6e00000|  0%| F|  |TAMS 0x00000000e6d00000| PB 0x00000000e6d00000| Untracked 
| 110|0x00000000e6e00000, 0x00000000e6e00000, 0x00000000e6f00000|  0%| F|  |TAMS 0x00000000e6e00000| PB 0x00000000e6e00000| Untracked 
| 111|0x00000000e6f00000, 0x00000000e6f00000, 0x00000000e7000000|  0%| F|  |TAMS 0x00000000e6f00000| PB 0x00000000e6f00000| Untracked 
| 112|0x00000000e7000000, 0x00000000e7000000, 0x00000000e7100000|  0%| F|  |TAMS 0x00000000e7000000| PB 0x00000000e7000000| Untracked 
| 113|0x00000000e7100000, 0x00000000e7100000, 0x00000000e7200000|  0%| F|  |TAMS 0x00000000e7100000| PB 0x00000000e7100000| Untracked 
| 114|0x00000000e7200000, 0x00000000e7200000, 0x00000000e7300000|  0%| F|  |TAMS 0x00000000e7200000| PB 0x00000000e7200000| Untracked 
| 115|0x00000000e7300000, 0x00000000e7300000, 0x00000000e7400000|  0%| F|  |TAMS 0x00000000e7300000| PB 0x00000000e7300000| Untracked 
| 116|0x00000000e7400000, 0x00000000e7400000, 0x00000000e7500000|  0%| F|  |TAMS 0x00000000e7400000| PB 0x00000000e7400000| Untracked 
| 117|0x00000000e7500000, 0x00000000e7500000, 0x00000000e7600000|  0%| F|  |TAMS 0x00000000e7500000| PB 0x00000000e7500000| Untracked 
| 118|0x00000000e7600000, 0x00000000e7600000, 0x00000000e7700000|  0%| F|  |TAMS 0x00000000e7600000| PB 0x00000000e7600000| Untracked 
| 119|0x00000000e7700000, 0x00000000e7700000, 0x00000000e7800000|  0%| F|  |TAMS 0x00000000e7700000| PB 0x00000000e7700000| Untracked 
| 120|0x00000000e7800000, 0x00000000e7800000, 0x00000000e7900000|  0%| F|  |TAMS 0x00000000e7800000| PB 0x00000000e7800000| Untracked 
| 121|0x00000000e7900000, 0x00000000e7900000, 0x00000000e7a00000|  0%| F|  |TAMS 0x00000000e7900000| PB 0x00000000e7900000| Untracked 
| 122|0x00000000e7a00000, 0x00000000e7a00000, 0x00000000e7b00000|  0%| F|  |TAMS 0x00000000e7a00000| PB 0x00000000e7a00000| Untracked 
| 123|0x00000000e7b00000, 0x00000000e7b00000, 0x00000000e7c00000|  0%| F|  |TAMS 0x00000000e7b00000| PB 0x00000000e7b00000| Untracked 
| 124|0x00000000e7c00000, 0x00000000e7c00000, 0x00000000e7d00000|  0%| F|  |TAMS 0x00000000e7c00000| PB 0x00000000e7c00000| Untracked 
| 125|0x00000000e7d00000, 0x00000000e7d00000, 0x00000000e7e00000|  0%| F|  |TAMS 0x00000000e7d00000| PB 0x00000000e7d00000| Untracked 
| 126|0x00000000e7e00000, 0x00000000e7e00000, 0x00000000e7f00000|  0%| F|  |TAMS 0x00000000e7e00000| PB 0x00000000e7e00000| Untracked 
| 127|0x00000000e7f00000, 0x00000000e7f00000, 0x00000000e8000000|  0%| F|  |TAMS 0x00000000e7f00000| PB 0x00000000e7f00000| Untracked 
| 128|0x00000000e8000000, 0x00000000e8000000, 0x00000000e8100000|  0%| F|  |TAMS 0x00000000e8000000| PB 0x00000000e8000000| Untracked 
| 129|0x00000000e8100000, 0x00000000e8100000, 0x00000000e8200000|  0%| F|  |TAMS 0x00000000e8100000| PB 0x00000000e8100000| Untracked 
| 130|0x00000000e8200000, 0x00000000e8200000, 0x00000000e8300000|  0%| F|  |TAMS 0x00000000e8200000| PB 0x00000000e8200000| Untracked 
| 131|0x00000000e8300000, 0x00000000e8300000, 0x00000000e8400000|  0%| F|  |TAMS 0x00000000e8300000| PB 0x00000000e8300000| Untracked 
| 132|0x00000000e8400000, 0x00000000e8400000, 0x00000000e8500000|  0%| F|  |TAMS 0x00000000e8400000| PB 0x00000000e8400000| Untracked 
| 133|0x00000000e8500000, 0x00000000e8500000, 0x00000000e8600000|  0%| F|  |TAMS 0x00000000e8500000| PB 0x00000000e8500000| Untracked 
| 134|0x00000000e8600000, 0x00000000e8600000, 0x00000000e8700000|  0%| F|  |TAMS 0x00000000e8600000| PB 0x00000000e8600000| Untracked 
| 135|0x00000000e8700000, 0x00000000e8700000, 0x00000000e8800000|  0%| F|  |TAMS 0x00000000e8700000| PB 0x00000000e8700000| Untracked 
| 136|0x00000000e8800000, 0x00000000e8800000, 0x00000000e8900000|  0%| F|  |TAMS 0x00000000e8800000| PB 0x00000000e8800000| Untracked 
| 137|0x00000000e8900000, 0x00000000e8900000, 0x00000000e8a00000|  0%| F|  |TAMS 0x00000000e8900000| PB 0x00000000e8900000| Untracked 
| 138|0x00000000e8a00000, 0x00000000e8a00000, 0x00000000e8b00000|  0%| F|  |TAMS 0x00000000e8a00000| PB 0x00000000e8a00000| Untracked 
| 139|0x00000000e8b00000, 0x00000000e8b00000, 0x00000000e8c00000|  0%| F|  |TAMS 0x00000000e8b00000| PB 0x00000000e8b00000| Untracked 
| 140|0x00000000e8c00000, 0x00000000e8c00000, 0x00000000e8d00000|  0%| F|  |TAMS 0x00000000e8c00000| PB 0x00000000e8c00000| Untracked 
| 141|0x00000000e8d00000, 0x00000000e8d00000, 0x00000000e8e00000|  0%| F|  |TAMS 0x00000000e8d00000| PB 0x00000000e8d00000| Untracked 
| 142|0x00000000e8e00000, 0x00000000e8e00000, 0x00000000e8f00000|  0%| F|  |TAMS 0x00000000e8e00000| PB 0x00000000e8e00000| Untracked 
| 143|0x00000000e8f00000, 0x00000000e8f00000, 0x00000000e9000000|  0%| F|  |TAMS 0x00000000e8f00000| PB 0x00000000e8f00000| Untracked 
| 144|0x00000000e9000000, 0x00000000e9000000, 0x00000000e9100000|  0%| F|  |TAMS 0x00000000e9000000| PB 0x00000000e9000000| Untracked 
| 145|0x00000000e9100000, 0x00000000e9100000, 0x00000000e9200000|  0%| F|  |TAMS 0x00000000e9100000| PB 0x00000000e9100000| Untracked 
| 146|0x00000000e9200000, 0x00000000e9200000, 0x00000000e9300000|  0%| F|  |TAMS 0x00000000e9200000| PB 0x00000000e9200000| Untracked 
| 147|0x00000000e9300000, 0x00000000e9300000, 0x00000000e9400000|  0%| F|  |TAMS 0x00000000e9300000| PB 0x00000000e9300000| Untracked 
| 148|0x00000000e9400000, 0x00000000e9400000, 0x00000000e9500000|  0%| F|  |TAMS 0x00000000e9400000| PB 0x00000000e9400000| Untracked 
| 149|0x00000000e9500000, 0x00000000e9500000, 0x00000000e9600000|  0%| F|  |TAMS 0x00000000e9500000| PB 0x00000000e9500000| Untracked 
| 150|0x00000000e9600000, 0x00000000e9600000, 0x00000000e9700000|  0%| F|  |TAMS 0x00000000e9600000| PB 0x00000000e9600000| Untracked 
| 151|0x00000000e9700000, 0x00000000e9700000, 0x00000000e9800000|  0%| F|  |TAMS 0x00000000e9700000| PB 0x00000000e9700000| Untracked 
| 152|0x00000000e9800000, 0x00000000e9800000, 0x00000000e9900000|  0%| F|  |TAMS 0x00000000e9800000| PB 0x00000000e9800000| Untracked 
| 153|0x00000000e9900000, 0x00000000e9900000, 0x00000000e9a00000|  0%| F|  |TAMS 0x00000000e9900000| PB 0x00000000e9900000| Untracked 
| 154|0x00000000e9a00000, 0x00000000e9a00000, 0x00000000e9b00000|  0%| F|  |TAMS 0x00000000e9a00000| PB 0x00000000e9a00000| Untracked 
| 155|0x00000000e9b00000, 0x00000000e9b00000, 0x00000000e9c00000|  0%| F|  |TAMS 0x00000000e9b00000| PB 0x00000000e9b00000| Untracked 
| 156|0x00000000e9c00000, 0x00000000e9c00000, 0x00000000e9d00000|  0%| F|  |TAMS 0x00000000e9c00000| PB 0x00000000e9c00000| Untracked 
| 157|0x00000000e9d00000, 0x00000000e9d00000, 0x00000000e9e00000|  0%| F|  |TAMS 0x00000000e9d00000| PB 0x00000000e9d00000| Untracked 
| 158|0x00000000e9e00000, 0x00000000e9e00000, 0x00000000e9f00000|  0%| F|  |TAMS 0x00000000e9e00000| PB 0x00000000e9e00000| Untracked 
| 159|0x00000000e9f00000, 0x00000000e9f00000, 0x00000000ea000000|  0%| F|  |TAMS 0x00000000e9f00000| PB 0x00000000e9f00000| Untracked 
| 160|0x00000000ea000000, 0x00000000ea000000, 0x00000000ea100000|  0%| F|  |TAMS 0x00000000ea000000| PB 0x00000000ea000000| Untracked 
| 161|0x00000000ea100000, 0x00000000ea100000, 0x00000000ea200000|  0%| F|  |TAMS 0x00000000ea100000| PB 0x00000000ea100000| Untracked 
| 162|0x00000000ea200000, 0x00000000ea200000, 0x00000000ea300000|  0%| F|  |TAMS 0x00000000ea200000| PB 0x00000000ea200000| Untracked 
| 163|0x00000000ea300000, 0x00000000ea300000, 0x00000000ea400000|  0%| F|  |TAMS 0x00000000ea300000| PB 0x00000000ea300000| Untracked 
| 164|0x00000000ea400000, 0x00000000ea400000, 0x00000000ea500000|  0%| F|  |TAMS 0x00000000ea400000| PB 0x00000000ea400000| Untracked 
| 165|0x00000000ea500000, 0x00000000ea500000, 0x00000000ea600000|  0%| F|  |TAMS 0x00000000ea500000| PB 0x00000000ea500000| Untracked 
| 166|0x00000000ea600000, 0x00000000ea600000, 0x00000000ea700000|  0%| F|  |TAMS 0x00000000ea600000| PB 0x00000000ea600000| Untracked 
| 167|0x00000000ea700000, 0x00000000ea700000, 0x00000000ea800000|  0%| F|  |TAMS 0x00000000ea700000| PB 0x00000000ea700000| Untracked 
| 168|0x00000000ea800000, 0x00000000ea800000, 0x00000000ea900000|  0%| F|  |TAMS 0x00000000ea800000| PB 0x00000000ea800000| Untracked 
| 169|0x00000000ea900000, 0x00000000ea900000, 0x00000000eaa00000|  0%| F|  |TAMS 0x00000000ea900000| PB 0x00000000ea900000| Untracked 
| 170|0x00000000eaa00000, 0x00000000eaa00000, 0x00000000eab00000|  0%| F|  |TAMS 0x00000000eaa00000| PB 0x00000000eaa00000| Untracked 
| 171|0x00000000eab00000, 0x00000000eab00000, 0x00000000eac00000|  0%| F|  |TAMS 0x00000000eab00000| PB 0x00000000eab00000| Untracked 
| 172|0x00000000eac00000, 0x00000000eac00000, 0x00000000ead00000|  0%| F|  |TAMS 0x00000000eac00000| PB 0x00000000eac00000| Untracked 
| 173|0x00000000ead00000, 0x00000000ead00000, 0x00000000eae00000|  0%| F|  |TAMS 0x00000000ead00000| PB 0x00000000ead00000| Untracked 
| 174|0x00000000eae00000, 0x00000000eae00000, 0x00000000eaf00000|  0%| F|  |TAMS 0x00000000eae00000| PB 0x00000000eae00000| Untracked 
| 175|0x00000000eaf00000, 0x00000000eaf00000, 0x00000000eb000000|  0%| F|  |TAMS 0x00000000eaf00000| PB 0x00000000eaf00000| Untracked 
| 176|0x00000000eb000000, 0x00000000eb000000, 0x00000000eb100000|  0%| F|  |TAMS 0x00000000eb000000| PB 0x00000000eb000000| Untracked 
| 177|0x00000000eb100000, 0x00000000eb100000, 0x00000000eb200000|  0%| F|  |TAMS 0x00000000eb100000| PB 0x00000000eb100000| Untracked 
| 178|0x00000000eb200000, 0x00000000eb200000, 0x00000000eb300000|  0%| F|  |TAMS 0x00000000eb200000| PB 0x00000000eb200000| Untracked 
| 179|0x00000000eb300000, 0x00000000eb300000, 0x00000000eb400000|  0%| F|  |TAMS 0x00000000eb300000| PB 0x00000000eb300000| Untracked 
| 180|0x00000000eb400000, 0x00000000eb400000, 0x00000000eb500000|  0%| F|  |TAMS 0x00000000eb400000| PB 0x00000000eb400000| Untracked 
| 181|0x00000000eb500000, 0x00000000eb500000, 0x00000000eb600000|  0%| F|  |TAMS 0x00000000eb500000| PB 0x00000000eb500000| Untracked 
| 182|0x00000000eb600000, 0x00000000eb600000, 0x00000000eb700000|  0%| F|  |TAMS 0x00000000eb600000| PB 0x00000000eb600000| Untracked 
| 183|0x00000000eb700000, 0x00000000eb700000, 0x00000000eb800000|  0%| F|  |TAMS 0x00000000eb700000| PB 0x00000000eb700000| Untracked 
| 184|0x00000000eb800000, 0x00000000eb800000, 0x00000000eb900000|  0%| F|  |TAMS 0x00000000eb800000| PB 0x00000000eb800000| Untracked 
| 185|0x00000000eb900000, 0x00000000eb900000, 0x00000000eba00000|  0%| F|  |TAMS 0x00000000eb900000| PB 0x00000000eb900000| Untracked 
| 186|0x00000000eba00000, 0x00000000eba00000, 0x00000000ebb00000|  0%| F|  |TAMS 0x00000000eba00000| PB 0x00000000eba00000| Untracked 
| 187|0x00000000ebb00000, 0x00000000ebb00000, 0x00000000ebc00000|  0%| F|  |TAMS 0x00000000ebb00000| PB 0x00000000ebb00000| Untracked 
| 188|0x00000000ebc00000, 0x00000000ebc00000, 0x00000000ebd00000|  0%| F|  |TAMS 0x00000000ebc00000| PB 0x00000000ebc00000| Untracked 
| 189|0x00000000ebd00000, 0x00000000ebd00000, 0x00000000ebe00000|  0%| F|  |TAMS 0x00000000ebd00000| PB 0x00000000ebd00000| Untracked 
| 190|0x00000000ebe00000, 0x00000000ebe00000, 0x00000000ebf00000|  0%| F|  |TAMS 0x00000000ebe00000| PB 0x00000000ebe00000| Untracked 
| 191|0x00000000ebf00000, 0x00000000ebf00000, 0x00000000ec000000|  0%| F|  |TAMS 0x00000000ebf00000| PB 0x00000000ebf00000| Untracked 
| 192|0x00000000ec000000, 0x00000000ec000000, 0x00000000ec100000|  0%| F|  |TAMS 0x00000000ec000000| PB 0x00000000ec000000| Untracked 
| 193|0x00000000ec100000, 0x00000000ec100000, 0x00000000ec200000|  0%| F|  |TAMS 0x00000000ec100000| PB 0x00000000ec100000| Untracked 
| 194|0x00000000ec200000, 0x00000000ec200000, 0x00000000ec300000|  0%| F|  |TAMS 0x00000000ec200000| PB 0x00000000ec200000| Untracked 
| 195|0x00000000ec300000, 0x00000000ec300000, 0x00000000ec400000|  0%| F|  |TAMS 0x00000000ec300000| PB 0x00000000ec300000| Untracked 
| 196|0x00000000ec400000, 0x00000000ec400000, 0x00000000ec500000|  0%| F|  |TAMS 0x00000000ec400000| PB 0x00000000ec400000| Untracked 
| 197|0x00000000ec500000, 0x00000000ec500000, 0x00000000ec600000|  0%| F|  |TAMS 0x00000000ec500000| PB 0x00000000ec500000| Untracked 
| 198|0x00000000ec600000, 0x00000000ec600000, 0x00000000ec700000|  0%| F|  |TAMS 0x00000000ec600000| PB 0x00000000ec600000| Untracked 
| 199|0x00000000ec700000, 0x00000000ec700000, 0x00000000ec800000|  0%| F|  |TAMS 0x00000000ec700000| PB 0x00000000ec700000| Untracked 
| 200|0x00000000ec800000, 0x00000000ec800000, 0x00000000ec900000|  0%| F|  |TAMS 0x00000000ec800000| PB 0x00000000ec800000| Untracked 
| 201|0x00000000ec900000, 0x00000000ec900000, 0x00000000eca00000|  0%| F|  |TAMS 0x00000000ec900000| PB 0x00000000ec900000| Untracked 
| 202|0x00000000eca00000, 0x00000000eca00000, 0x00000000ecb00000|  0%| F|  |TAMS 0x00000000eca00000| PB 0x00000000eca00000| Untracked 
| 203|0x00000000ecb00000, 0x00000000ecb00000, 0x00000000ecc00000|  0%| F|  |TAMS 0x00000000ecb00000| PB 0x00000000ecb00000| Untracked 
| 204|0x00000000ecc00000, 0x00000000ecc00000, 0x00000000ecd00000|  0%| F|  |TAMS 0x00000000ecc00000| PB 0x00000000ecc00000| Untracked 
| 205|0x00000000ecd00000, 0x00000000ecd00000, 0x00000000ece00000|  0%| F|  |TAMS 0x00000000ecd00000| PB 0x00000000ecd00000| Untracked 
| 206|0x00000000ece00000, 0x00000000ece00000, 0x00000000ecf00000|  0%| F|  |TAMS 0x00000000ece00000| PB 0x00000000ece00000| Untracked 
| 207|0x00000000ecf00000, 0x00000000ecf00000, 0x00000000ed000000|  0%| F|  |TAMS 0x00000000ecf00000| PB 0x00000000ecf00000| Untracked 
| 208|0x00000000ed000000, 0x00000000ed000000, 0x00000000ed100000|  0%| F|  |TAMS 0x00000000ed000000| PB 0x00000000ed000000| Untracked 
| 209|0x00000000ed100000, 0x00000000ed100000, 0x00000000ed200000|  0%| F|  |TAMS 0x00000000ed100000| PB 0x00000000ed100000| Untracked 
| 210|0x00000000ed200000, 0x00000000ed200000, 0x00000000ed300000|  0%| F|  |TAMS 0x00000000ed200000| PB 0x00000000ed200000| Untracked 
| 211|0x00000000ed300000, 0x00000000ed300000, 0x00000000ed400000|  0%| F|  |TAMS 0x00000000ed300000| PB 0x00000000ed300000| Untracked 
| 212|0x00000000ed400000, 0x00000000ed400000, 0x00000000ed500000|  0%| F|  |TAMS 0x00000000ed400000| PB 0x00000000ed400000| Untracked 
| 213|0x00000000ed500000, 0x00000000ed500000, 0x00000000ed600000|  0%| F|  |TAMS 0x00000000ed500000| PB 0x00000000ed500000| Untracked 
| 214|0x00000000ed600000, 0x00000000ed600000, 0x00000000ed700000|  0%| F|  |TAMS 0x00000000ed600000| PB 0x00000000ed600000| Untracked 
| 215|0x00000000ed700000, 0x00000000ed700000, 0x00000000ed800000|  0%| F|  |TAMS 0x00000000ed700000| PB 0x00000000ed700000| Untracked 
| 216|0x00000000ed800000, 0x00000000ed800000, 0x00000000ed900000|  0%| F|  |TAMS 0x00000000ed800000| PB 0x00000000ed800000| Untracked 
| 217|0x00000000ed900000, 0x00000000ed900000, 0x00000000eda00000|  0%| F|  |TAMS 0x00000000ed900000| PB 0x00000000ed900000| Untracked 
| 218|0x00000000eda00000, 0x00000000eda00000, 0x00000000edb00000|  0%| F|  |TAMS 0x00000000eda00000| PB 0x00000000eda00000| Untracked 
| 219|0x00000000edb00000, 0x00000000edb00000, 0x00000000edc00000|  0%| F|  |TAMS 0x00000000edb00000| PB 0x00000000edb00000| Untracked 
| 220|0x00000000edc00000, 0x00000000edc332b8, 0x00000000edd00000| 19%| E|  |TAMS 0x00000000edc00000| PB 0x00000000edc00000| Complete 
| 221|0x00000000edd00000, 0x00000000ede00000, 0x00000000ede00000|100%| E|CS|TAMS 0x00000000edd00000| PB 0x00000000edd00000| Complete 
| 222|0x00000000ede00000, 0x00000000edf00000, 0x00000000edf00000|100%| E|CS|TAMS 0x00000000ede00000| PB 0x00000000ede00000| Complete 
| 223|0x00000000edf00000, 0x00000000ee000000, 0x00000000ee000000|100%| E|CS|TAMS 0x00000000edf00000| PB 0x00000000edf00000| Complete 
| 224|0x00000000ee000000, 0x00000000ee100000, 0x00000000ee100000|100%| E|  |TAMS 0x00000000ee000000| PB 0x00000000ee000000| Complete 
| 225|0x00000000ee100000, 0x00000000ee200000, 0x00000000ee200000|100%| E|CS|TAMS 0x00000000ee100000| PB 0x00000000ee100000| Complete 
| 226|0x00000000ee200000, 0x00000000ee300000, 0x00000000ee300000|100%| E|CS|TAMS 0x00000000ee200000| PB 0x00000000ee200000| Complete 
| 227|0x00000000ee300000, 0x00000000ee400000, 0x00000000ee400000|100%| E|CS|TAMS 0x00000000ee300000| PB 0x00000000ee300000| Complete 
| 228|0x00000000ee400000, 0x00000000ee500000, 0x00000000ee500000|100%| E|CS|TAMS 0x00000000ee400000| PB 0x00000000ee400000| Complete 
| 229|0x00000000ee500000, 0x00000000ee600000, 0x00000000ee600000|100%| E|CS|TAMS 0x00000000ee500000| PB 0x00000000ee500000| Complete 
| 230|0x00000000ee600000, 0x00000000ee700000, 0x00000000ee700000|100%| E|CS|TAMS 0x00000000ee600000| PB 0x00000000ee600000| Complete 
| 231|0x00000000ee700000, 0x00000000ee800000, 0x00000000ee800000|100%| E|CS|TAMS 0x00000000ee700000| PB 0x00000000ee700000| Complete 
| 232|0x00000000ee800000, 0x00000000ee900000, 0x00000000ee900000|100%| E|CS|TAMS 0x00000000ee800000| PB 0x00000000ee800000| Complete 
| 233|0x00000000ee900000, 0x00000000eea00000, 0x00000000eea00000|100%| E|CS|TAMS 0x00000000ee900000| PB 0x00000000ee900000| Complete 
| 234|0x00000000eea00000, 0x00000000eeb00000, 0x00000000eeb00000|100%| E|CS|TAMS 0x00000000eea00000| PB 0x00000000eea00000| Complete 
| 235|0x00000000eeb00000, 0x00000000eec00000, 0x00000000eec00000|100%| E|CS|TAMS 0x00000000eeb00000| PB 0x00000000eeb00000| Complete 
| 236|0x00000000eec00000, 0x00000000eed00000, 0x00000000eed00000|100%| E|CS|TAMS 0x00000000eec00000| PB 0x00000000eec00000| Complete 
| 237|0x00000000eed00000, 0x00000000eee00000, 0x00000000eee00000|100%| E|CS|TAMS 0x00000000eed00000| PB 0x00000000eed00000| Complete 
| 238|0x00000000eee00000, 0x00000000eef00000, 0x00000000eef00000|100%| E|CS|TAMS 0x00000000eee00000| PB 0x00000000eee00000| Complete 
| 239|0x00000000eef00000, 0x00000000ef000000, 0x00000000ef000000|100%| E|CS|TAMS 0x00000000eef00000| PB 0x00000000eef00000| Complete 
| 240|0x00000000ef000000, 0x00000000ef100000, 0x00000000ef100000|100%| E|CS|TAMS 0x00000000ef000000| PB 0x00000000ef000000| Complete 
| 241|0x00000000ef100000, 0x00000000ef200000, 0x00000000ef200000|100%| E|CS|TAMS 0x00000000ef100000| PB 0x00000000ef100000| Complete 
| 242|0x00000000ef200000, 0x00000000ef300000, 0x00000000ef300000|100%| E|CS|TAMS 0x00000000ef200000| PB 0x00000000ef200000| Complete 
| 243|0x00000000ef300000, 0x00000000ef400000, 0x00000000ef400000|100%| E|CS|TAMS 0x00000000ef300000| PB 0x00000000ef300000| Complete 
| 244|0x00000000ef400000, 0x00000000ef500000, 0x00000000ef500000|100%| E|CS|TAMS 0x00000000ef400000| PB 0x00000000ef400000| Complete 
| 245|0x00000000ef500000, 0x00000000ef600000, 0x00000000ef600000|100%| E|CS|TAMS 0x00000000ef500000| PB 0x00000000ef500000| Complete 
| 246|0x00000000ef600000, 0x00000000ef700000, 0x00000000ef700000|100%| E|CS|TAMS 0x00000000ef600000| PB 0x00000000ef600000| Complete 
| 247|0x00000000ef700000, 0x00000000ef800000, 0x00000000ef800000|100%| E|CS|TAMS 0x00000000ef700000| PB 0x00000000ef700000| Complete 
| 248|0x00000000ef800000, 0x00000000ef900000, 0x00000000ef900000|100%| E|CS|TAMS 0x00000000ef800000| PB 0x00000000ef800000| Complete 
| 249|0x00000000ef900000, 0x00000000efa00000, 0x00000000efa00000|100%| E|CS|TAMS 0x00000000ef900000| PB 0x00000000ef900000| Complete 
| 250|0x00000000efa00000, 0x00000000efb00000, 0x00000000efb00000|100%| E|CS|TAMS 0x00000000efa00000| PB 0x00000000efa00000| Complete 
| 251|0x00000000efb00000, 0x00000000efc00000, 0x00000000efc00000|100%| S|CS|TAMS 0x00000000efb00000| PB 0x00000000efb00000| Complete 
| 252|0x00000000efc00000, 0x00000000efd00000, 0x00000000efd00000|100%| S|CS|TAMS 0x00000000efc00000| PB 0x00000000efc00000| Complete 
| 253|0x00000000efd00000, 0x00000000efe00000, 0x00000000efe00000|100%| E|CS|TAMS 0x00000000efd00000| PB 0x00000000efd00000| Complete 
| 254|0x00000000efe00000, 0x00000000eff00000, 0x00000000eff00000|100%| E|CS|TAMS 0x00000000efe00000| PB 0x00000000efe00000| Complete 
| 255|0x00000000eff00000, 0x00000000f0000000, 0x00000000f0000000|100%| E|CS|TAMS 0x00000000eff00000| PB 0x00000000eff00000| Complete 

Card table byte_map: [0x0000021cd3bf0000,0x0000021cd3cf0000] _byte_map_base: 0x0000021cd34f0000

Marking Bits: (CMBitMap*) 0x0000021cbae72820
 Bits: [0x0000021cd3cf0000, 0x0000021cd44f0000)

Polling page: 0x0000021cb8da0000

Metaspace:

Usage:
  Non-class:     55.50 MB used.
      Class:      8.96 MB used.
       Both:     64.46 MB used.

Virtual space:
  Non-class space:       64.00 MB reserved,      56.44 MB ( 88%) committed,  1 nodes.
      Class space:      320.00 MB reserved,       9.94 MB (  3%) committed,  1 nodes.
             Both:      384.00 MB reserved,      66.38 MB ( 17%) committed. 

Chunk freelists:
   Non-Class:  7.56 MB
       Class:  5.94 MB
        Both:  13.50 MB

MaxMetaspaceSize: 384.00 MB
CompressedClassSpaceSize: 320.00 MB
Initial GC threshold: 21.00 MB
Current GC threshold: 98.88 MB
CDS: on
 - commit_granule_bytes: 65536.
 - commit_granule_words: 8192.
 - virtual_space_node_default_size: 8388608.
 - enlarge_chunks_in_place: 1.
 - use_allocation_guard: 0.


Internal statistics:

num_allocs_failed_limit: 12.
num_arena_births: 3506.
num_arena_deaths: 0.
num_vsnodes_births: 2.
num_vsnodes_deaths: 0.
num_space_committed: 1062.
num_space_uncommitted: 0.
num_chunks_returned_to_freelist: 12.
num_chunks_taken_from_freelist: 6600.
num_chunk_merges: 12.
num_chunk_splits: 4285.
num_chunks_enlarged: 2614.
num_inconsistent_stats: 0.

CodeHeap 'non-profiled nmethods': size=119744Kb used=3439Kb max_used=3439Kb free=116304Kb
 bounds [0x0000021ccc700000, 0x0000021ccca60000, 0x0000021cd3bf0000]
CodeHeap 'profiled nmethods': size=119744Kb used=16131Kb max_used=16131Kb free=103612Kb
 bounds [0x0000021cc4bf0000, 0x0000021cc5bd0000, 0x0000021ccc0e0000]
CodeHeap 'non-nmethods': size=6272Kb used=3383Kb max_used=3388Kb free=2888Kb
 bounds [0x0000021ccc0e0000, 0x0000021ccc440000, 0x0000021ccc700000]
 total_blobs=7607 nmethods=6714 adapters=793
 compilation: enabled
              stopped_count=0, restarted_count=0
 full_count=0

JVMCI Events (20 events):
Event: 82.312 Thread 0x0000021cd6b25630 attached to JVMCI runtime 0
Event: 82.339 Thread 0x0000021cd6b25630 created JavaVM[10]@0x0000021cf0de2230 for JVMCI runtime 0
Event: 82.339 Thread 0x0000021cd6b25630 initializing JVMCI runtime 0
Event: 82.339 Thread 0x0000021cd6b25630 done waiting for JavaVM references initialization in JVMCI runtime 0
Event: 82.341 Thread 0x0000021cd6b25630 initialized JVMCI runtime 0
Event: 82.397 Thread 0x0000021cd6b25630 compacted oop handles in JVMCI runtime 0 from 79 to 75
Event: 82.515 Thread 0x0000021cd6b25630 compacted oop handles in JVMCI runtime 0 from 117 to 108
Event: 82.624 Thread 0x0000021cd6b25630 compacted oop handles in JVMCI runtime 0 from 125 to 72
Event: 82.667 Thread 0x0000021cd6b25630 compacted oop handles in JVMCI runtime 0 from 81 to 80
Event: 82.812 Thread 0x0000021cd6b25630 compacted oop handles in JVMCI runtime 0 from 105 to 100
Event: 82.965 Thread 0x0000021cd6b25630 compacted oop handles in JVMCI runtime 0 from 151 to 146
Event: 82.965 Thread 0x0000021cd6b25630 compacted oop handles in JVMCI runtime 0 from 147 to 113
Event: 82.983 Thread 0x0000021cd6b25630 compacted oop handles in JVMCI runtime 0 from 129 to 126
Event: 83.108 Thread 0x0000021cd6b25630 compacted oop handles in JVMCI runtime 0 from 136 to 131
Event: 83.131 Thread 0x0000021cd6b25630 compacted oop handles in JVMCI runtime 0 from 136 to 131
Event: 83.210 Thread 0x0000021cd6b25630 compacted oop handles in JVMCI runtime 0 from 145 to 141
Event: 83.222 Thread 0x0000021cd6b25630 compacted oop handles in JVMCI runtime 0 from 143 to 55
Event: 83.270 Thread 0x0000021cd6b25630 compacted oop handles in JVMCI runtime 0 from 70 to 63
Event: 83.503 Thread 0x0000021cd6b25630 compacted oop handles in JVMCI runtime 0 from 115 to 80
Event: 83.507 Thread 0x0000021cd6b25630 compacted oop handles in JVMCI runtime 0 from 85 to 84

Compilation events (20 events):
Event: 83.509 Thread 0x0000021cd6b260c0 nmethod 7466 0x0000021cc5115990 code [0x0000021cc5115c00, 0x0000021cc5117d28]
Event: 83.509 Thread 0x0000021cd6b260c0 7467       3       com.sun.tools.javac.parser.JavacParser::optag (500 bytes)
Event: 83.510 Thread 0x0000021c80f49db0 nmethod 7461 0x0000021cc5bc0510 code [0x0000021cc5bc0c40, 0x0000021cc5bcc7f0]
Event: 83.510 Thread 0x0000021c80f49db0 7470       3       com.sun.tools.javac.util.ListBuffer::clear (23 bytes)
Event: 83.510 Thread 0x0000021cd6b260c0 nmethod 7467 0x0000021cc4d20290 code [0x0000021cc4d20580, 0x0000021cc4d21500]
Event: 83.510 Thread 0x0000021c80f49db0 nmethod 7470 0x0000021cc51f6690 code [0x0000021cc51f6840, 0x0000021cc51f6a50]
Event: 83.510 Thread 0x0000021cd6b260c0 7471       3       com.sun.tools.javac.parser.JavacParser::prec (21 bytes)
Event: 83.511 Thread 0x0000021cd6b260c0 nmethod 7471 0x0000021cc5276e10 code [0x0000021cc5276fc0, 0x0000021cc5277190]
Event: 83.511 Thread 0x0000021cd6b260c0 7472       3       com.sun.tools.javac.tree.JCTree::hasTag (14 bytes)
Event: 83.511 Thread 0x0000021c80f49db0 7473       3       com.sun.tools.javac.util.ListBuffer::<init> (9 bytes)
Event: 83.511 Thread 0x0000021cd6b260c0 nmethod 7472 0x0000021cc5276690 code [0x0000021cc5276840, 0x0000021cc5276bb8]
Event: 83.512 Thread 0x0000021c80f49db0 nmethod 7473 0x0000021cc4d1fc10 code [0x0000021cc4d1fde0, 0x0000021cc4d20160]
Event: 83.512 Thread 0x0000021c80f49db0 7474       3       com.sun.tools.javac.util.ListBuffer::append (66 bytes)
Event: 83.513 Thread 0x0000021cd6b260c0 7475       3       com.sun.tools.javac.parser.JavacParser::term3 (2772 bytes)
Event: 83.513 Thread 0x0000021c80f49db0 nmethod 7474 0x0000021cc4d1ef10 code [0x0000021cc4d1f140, 0x0000021cc4d1f970]
Event: 83.513 Thread 0x0000021cd6b25630 nmethod 7468 0x0000021ccca5ac90 code [0x0000021ccca5ae00, 0x0000021ccca5afb8]
Event: 83.514 Thread 0x0000021cd6b25630 7469       4       com.sun.tools.javac.parser.UnicodeReader::nextUnicodeInputCharacter (163 bytes)
Event: 83.515 Thread 0x0000021c80f49db0 7476       3       com.sun.tools.javac.parser.JavacParser::term3Rest (769 bytes)
Event: 83.519 Thread 0x0000021cd6b25630 nmethod 7469 0x0000021ccca5b110 code [0x0000021ccca5b280, 0x0000021ccca5b3d0]
Event: 83.529 Thread 0x0000021cd6b25630 7481       4       java.lang.StringLatin1::toChars (16 bytes)

GC Heap History (16 events):
Event: 14.711 GC heap before
{Heap before GC invocations=0 (full 0):
 garbage-first heap   total 262144K, used 13312K [0x00000000e0000000, 0x0000000100000000)
  region size 1024K, 13 young (13312K), 0 survivors (0K)
 Metaspace       used 1330K, committed 1536K, reserved 393216K
  class space    used 104K, committed 192K, reserved 327680K
}
Event: 14.725 GC heap after
{Heap after GC invocations=1 (full 0):
 garbage-first heap   total 262144K, used 2622K [0x00000000e0000000, 0x0000000100000000)
  region size 1024K, 2 young (2048K), 2 survivors (2048K)
 Metaspace       used 1330K, committed 1536K, reserved 393216K
  class space    used 104K, committed 192K, reserved 327680K
}
Event: 32.376 GC heap before
{Heap before GC invocations=1 (full 0):
 garbage-first heap   total 262144K, used 24126K [0x00000000e0000000, 0x0000000100000000)
  region size 1024K, 20 young (20480K), 2 survivors (2048K)
 Metaspace       used 4116K, committed 4352K, reserved 393216K
  class space    used 455K, committed 576K, reserved 327680K
}
Event: 32.392 GC heap after
{Heap after GC invocations=2 (full 0):
 garbage-first heap   total 262144K, used 12010K [0x00000000e0000000, 0x0000000100000000)
  region size 1024K, 3 young (3072K), 3 survivors (3072K)
 Metaspace       used 4116K, committed 4352K, reserved 393216K
  class space    used 455K, committed 576K, reserved 327680K
}
Event: 56.618 GC heap before
{Heap before GC invocations=2 (full 0):
 garbage-first heap   total 262144K, used 93930K [0x00000000e0000000, 0x0000000100000000)
  region size 1024K, 81 young (82944K), 3 survivors (3072K)
 Metaspace       used 13560K, committed 14016K, reserved 393216K
  class space    used 1683K, committed 1920K, reserved 327680K
}
Event: 56.649 GC heap after
{Heap after GC invocations=3 (full 0):
 garbage-first heap   total 262144K, used 21156K [0x00000000e0000000, 0x0000000100000000)
  region size 1024K, 11 young (11264K), 11 survivors (11264K)
 Metaspace       used 13560K, committed 14016K, reserved 393216K
  class space    used 1683K, committed 1920K, reserved 327680K
}
Event: 59.375 GC heap before
{Heap before GC invocations=3 (full 0):
 garbage-first heap   total 262144K, used 69284K [0x00000000e0000000, 0x0000000100000000)
  region size 1024K, 59 young (60416K), 11 survivors (11264K)
 Metaspace       used 20943K, committed 21504K, reserved 393216K
  class space    used 2835K, committed 3072K, reserved 327680K
}
Event: 59.405 GC heap after
{Heap after GC invocations=4 (full 0):
 garbage-first heap   total 262144K, used 24264K [0x00000000e0000000, 0x0000000100000000)
  region size 1024K, 4 young (4096K), 4 survivors (4096K)
 Metaspace       used 20943K, committed 21504K, reserved 393216K
  class space    used 2835K, committed 3072K, reserved 327680K
}
Event: 64.544 GC heap before
{Heap before GC invocations=5 (full 0):
 garbage-first heap   total 262144K, used 113352K [0x00000000e0000000, 0x0000000100000000)
  region size 1024K, 93 young (95232K), 4 survivors (4096K)
 Metaspace       used 34760K, committed 35968K, reserved 393216K
  class space    used 4855K, committed 5440K, reserved 327680K
}
Event: 64.574 GC heap after
{Heap after GC invocations=6 (full 0):
 garbage-first heap   total 262144K, used 29879K [0x00000000e0000000, 0x0000000100000000)
  region size 1024K, 9 young (9216K), 9 survivors (9216K)
 Metaspace       used 34760K, committed 35968K, reserved 393216K
  class space    used 4855K, committed 5440K, reserved 327680K
}
Event: 71.793 GC heap before
{Heap before GC invocations=7 (full 0):
 garbage-first heap   total 262144K, used 169143K [0x00000000e0000000, 0x0000000100000000)
  region size 1024K, 139 young (142336K), 9 survivors (9216K)
 Metaspace       used 49773K, committed 51456K, reserved 393216K
  class space    used 6866K, committed 7680K, reserved 327680K
}
Event: 71.839 GC heap after
{Heap after GC invocations=8 (full 0):
 garbage-first heap   total 262144K, used 38544K [0x00000000e0000000, 0x0000000100000000)
  region size 1024K, 18 young (18432K), 18 survivors (18432K)
 Metaspace       used 49773K, committed 51456K, reserved 393216K
  class space    used 6866K, committed 7680K, reserved 327680K
}
Event: 79.078 GC heap before
{Heap before GC invocations=8 (full 0):
 garbage-first heap   total 262144K, used 159376K [0x00000000e0000000, 0x0000000100000000)
  region size 1024K, 137 young (140288K), 18 survivors (18432K)
 Metaspace       used 58292K, committed 60160K, reserved 393216K
  class space    used 8229K, committed 9152K, reserved 327680K
}
Event: 79.185 GC heap after
{Heap after GC invocations=9 (full 0):
 garbage-first heap   total 262144K, used 49821K [0x00000000e0000000, 0x0000000100000000)
  region size 1024K, 20 young (20480K), 20 survivors (20480K)
 Metaspace       used 58292K, committed 60160K, reserved 393216K
  class space    used 8229K, committed 9152K, reserved 327680K
}
Event: 79.454 GC heap before
{Heap before GC invocations=9 (full 0):
 garbage-first heap   total 262144K, used 51869K [0x00000000e0000000, 0x0000000100000000)
  region size 1024K, 23 young (23552K), 20 survivors (20480K)
 Metaspace       used 58586K, committed 60480K, reserved 393216K
  class space    used 8293K, committed 9216K, reserved 327680K
}
Event: 79.498 GC heap after
{Heap after GC invocations=10 (full 0):
 garbage-first heap   total 262144K, used 52224K [0x00000000e0000000, 0x0000000100000000)
  region size 1024K, 2 young (2048K), 2 survivors (2048K)
 Metaspace       used 58586K, committed 60480K, reserved 393216K
  class space    used 8293K, committed 9216K, reserved 327680K
}

Dll operation events (16 events):
Event: 0.459 Loaded shared library C:\Users\RABIO15\.jdks\graalvm-jdk-21.0.5\bin\java.dll
Event: 0.643 Loaded shared library C:\Users\RABIO15\.jdks\graalvm-jdk-21.0.5\bin\jsvml.dll
Event: 0.825 Loaded shared library C:\Users\RABIO15\.jdks\graalvm-jdk-21.0.5\bin\zip.dll
Event: 0.847 Loaded shared library C:\Users\RABIO15\.jdks\graalvm-jdk-21.0.5\bin\instrument.dll
Event: 0.862 Loaded shared library C:\Users\RABIO15\.jdks\graalvm-jdk-21.0.5\bin\jvmcicompiler.dll
Event: 0.872 Loaded shared library C:\Users\RABIO15\.jdks\graalvm-jdk-21.0.5\bin\net.dll
Event: 0.887 Loaded shared library C:\Users\RABIO15\.jdks\graalvm-jdk-21.0.5\bin\nio.dll
Event: 1.111 Loaded shared library C:\Users\RABIO15\.jdks\graalvm-jdk-21.0.5\bin\zip.dll
Event: 1.392 Loaded shared library C:\Users\RABIO15\.jdks\graalvm-jdk-21.0.5\bin\jimage.dll
Event: 27.848 Loaded shared library C:\Users\RABIO15\.jdks\graalvm-jdk-21.0.5\bin\verify.dll
Event: 31.352 Loaded shared library C:\Users\RABIO15\.gradle\native\c067742578af261105cb4f569cf0c3c89f3d7b1fecec35dd04571415982c5e48\windows-amd64\native-platform.dll
Event: 31.779 Loaded shared library C:\Users\RABIO15\.gradle\native\100fb08df4bc3b14c8652ba06237920a3bd2aa13389f12d3474272988ae205f9\windows-amd64\native-platform-file-events.dll
Event: 54.061 Loaded shared library C:\Users\RABIO15\.jdks\graalvm-jdk-21.0.5\bin\management.dll
Event: 54.076 Loaded shared library C:\Users\RABIO15\.jdks\graalvm-jdk-21.0.5\bin\management_ext.dll
Event: 55.022 Loaded shared library C:\Users\RABIO15\.jdks\graalvm-jdk-21.0.5\bin\extnet.dll
Event: 55.442 Loaded shared library C:\Users\RABIO15\.jdks\graalvm-jdk-21.0.5\bin\sunmscapi.dll

Deoptimization events (20 events):
Event: 82.478 Thread 0x0000021c82cd13a0 DEOPT PACKING pc=0x0000021ccc759ac4 sp=0x000000be91ff8550
Event: 82.478 Thread 0x0000021c82cd13a0 DEOPT UNPACKING pc=0x0000021ccc134e6b sp=0x000000be91ff79d0 mode 3
Event: 82.482 Thread 0x0000021c82cd13a0 Uncommon trap: trap_request=0xffffffcd fr.pc=0x0000021ccc83276d relative=0x000000000000266d
Event: 82.482 Thread 0x0000021c82cd13a0 Uncommon trap: reason=intrinsic_or_type_checked_inlining action=reinterpret pc=0x0000021ccc83276d method=java.util.zip.Inflater.needsInput()Z @ 49 jvmci
Event: 82.482 Thread 0x0000021c82cd13a0 DEOPT PACKING pc=0x0000021ccc83276d sp=0x000000be91ff7d90
Event: 82.482 Thread 0x0000021c82cd13a0 DEOPT UNPACKING pc=0x0000021ccc134e6b sp=0x000000be91ff7238 mode 3
Event: 82.812 Thread 0x0000021c82cd13a0 Uncommon trap: trap_request=0xffffffed fr.pc=0x0000021ccc8bde9b relative=0x00000000000001fb
Event: 82.812 Thread 0x0000021c82cd13a0 Uncommon trap: reason=null_assert_or_unreached0 action=reinterpret pc=0x0000021ccc8bde9b method=jdk.internal.jimage.ImageStringsReader.stringFromByteBufferMatches(Ljava/nio/ByteBuffer;ILjava/lang/String;I)I @ 0 jvmci
Event: 82.812 Thread 0x0000021c82cd13a0 DEOPT PACKING pc=0x0000021ccc8bde9b sp=0x000000be91ff38c0
Event: 82.812 Thread 0x0000021c82cd13a0 DEOPT UNPACKING pc=0x0000021ccc134e6b sp=0x000000be91ff2d18 mode 3
Event: 83.109 Thread 0x0000021c82cd13a0 Uncommon trap: trap_request=0xffffffe4 fr.pc=0x0000021ccc840682 relative=0x00000000000001e2
Event: 83.109 Thread 0x0000021c82cd13a0 Uncommon trap: reason=range_check action=make_not_entrant pc=0x0000021ccc840682 method=jdk.internal.jimage.ImageStringsReader.stringFromByteBufferMatches(Ljava/nio/ByteBuffer;ILjava/lang/String;I)I @ 0 jvmci
Event: 83.109 Thread 0x0000021c82cd13a0 DEOPT PACKING pc=0x0000021ccc840682 sp=0x000000be91ff76f0
Event: 83.109 Thread 0x0000021c82cd13a0 DEOPT UNPACKING pc=0x0000021ccc134e6b sp=0x000000be91ff6b58 mode 3
Event: 83.185 Thread 0x0000021c82cd13a0 DEOPT PACKING pc=0x0000021cc562a76e sp=0x000000be91ff8000
Event: 83.185 Thread 0x0000021c82cd13a0 DEOPT UNPACKING pc=0x0000021ccc134e6b sp=0x000000be91ff74e8 mode 0
Event: 83.295 Thread 0x0000021c82cd13a0 Uncommon trap: trap_request=0xffffffed fr.pc=0x0000021ccc8075b4 relative=0x00000000000000b4
Event: 83.295 Thread 0x0000021c82cd13a0 Uncommon trap: reason=null_assert_or_unreached0 action=reinterpret pc=0x0000021ccc8075b4 method=java.lang.CharacterDataLatin1.digit(II)I @ 0 jvmci
Event: 83.295 Thread 0x0000021c82cd13a0 DEOPT PACKING pc=0x0000021ccc8075b4 sp=0x000000be91ff80d0
Event: 83.295 Thread 0x0000021c82cd13a0 DEOPT UNPACKING pc=0x0000021ccc134e6b sp=0x000000be91ff7558 mode 3

Classes loaded (20 events):
Event: 80.004 Loading class java/nio/charset/UnsupportedCharsetException
Event: 80.004 Loading class java/nio/charset/UnsupportedCharsetException done
Event: 80.005 Loading class java/nio/file/ProviderNotFoundException
Event: 80.005 Loading class java/nio/file/ProviderNotFoundException done
Event: 80.043 Loading class java/util/JumboEnumSet
Event: 80.044 Loading class java/util/JumboEnumSet done
Event: 80.061 Loading class java/util/JumboEnumSet$EnumSetIterator
Event: 80.061 Loading class java/util/JumboEnumSet$EnumSetIterator done
Event: 80.072 Loading class java/util/ResourceBundle$KeyElementReference
Event: 80.073 Loading class java/util/ResourceBundle$CacheKeyReference
Event: 80.073 Loading class java/util/ResourceBundle$CacheKeyReference done
Event: 80.073 Loading class java/util/ResourceBundle$KeyElementReference done
Event: 80.074 Loading class java/util/ResourceBundle$3
Event: 80.075 Loading class java/util/ResourceBundle$3 done
Event: 80.086 Loading class java/util/ResourceBundle$BundleReference
Event: 80.087 Loading class java/util/ResourceBundle$BundleReference done
Event: 80.172 Loading class java/util/ServiceLoader$ProviderSpliterator
Event: 80.173 Loading class java/util/ServiceLoader$ProviderSpliterator done
Event: 82.479 Loading class java/io/BufferedReader$1
Event: 82.480 Loading class java/io/BufferedReader$1 done

Classes unloaded (0 events):
No events

Classes redefined (0 events):
No events

Internal exceptions (20 events):
Event: 77.788 Thread 0x0000021c82cd13a0 Exception <a 'java/lang/NoSuchMethodError'{0x00000000e94aa1e0}: 'void java.lang.invoke.DirectMethodHandle$Holder.invokeSpecial(java.lang.Object, java.lang.Object, java.lang.Object, java.lang.Object, int, java.lang.Object, java.lang.Object)'> (0x00000000e94aa1e0) 
thrown [s\open\src\hotspot\share\interpreter\linkResolver.cpp, line 773]
Event: 77.914 Thread 0x0000021c82cd13a0 Exception <a 'java/lang/NoSuchMethodError'{0x00000000e92ced40}: 'java.lang.Object java.lang.invoke.DirectMethodHandle$Holder.invokeVirtual(java.lang.Object, java.lang.Object, java.lang.Object, java.lang.Object, java.lang.Object, java.lang.Object, java.lang.Object, java.lang.Object, java.lang.Object, java.lang.Object, java.lang.Object, java.lang.Object, java.lang.Object, java.lang.Object, java.lang.Object, java.lang.Object, java.lang.Object, java.lang.Object, java.lang.Object)'> (0x00000000e92ced40) 
thrown
Event: 77.957 Thread 0x0000021c8125a5b0 Exception <a 'java/lang/NoSuchMethodError'{0x00000000e90027c8}: static Lorg/gradle/internal/build/event/types/DefaultTaskStartedProgressEvent;.<clinit>()V> (0x00000000e90027c8) 
thrown [s\open\src\hotspot\share\prims\jni.cpp, line 1111]
Event: 77.958 Thread 0x0000021c8125a5b0 Exception <a 'java/lang/NoSuchMethodError'{0x00000000e9004918}: static Lorg/gradle/internal/build/event/types/AbstractProgressEvent;.<clinit>()V> (0x00000000e9004918) 
thrown [s\open\src\hotspot\share\prims\jni.cpp, line 1111]
Event: 77.963 Thread 0x0000021c8125a5b0 Exception <a 'java/lang/NoSuchMethodError'{0x00000000e900ec78}: static Lorg/gradle/internal/build/event/types/DefaultTaskDescriptor;.<clinit>()V> (0x00000000e900ec78) 
thrown [s\open\src\hotspot\share\prims\jni.cpp, line 1111]
Event: 77.967 Thread 0x0000021c8125a5b0 Exception <a 'java/lang/NoSuchMethodError'{0x00000000e9015108}: 'long java.lang.invoke.DirectMethodHandle$Holder.invokeSpecial(java.lang.Object, java.lang.Object)'> (0x00000000e9015108) 
thrown [s\open\src\hotspot\share\interpreter\linkResolver.cpp, line 773]
Event: 77.968 Thread 0x0000021c8125a5b0 Exception <a 'java/lang/NoSuchMethodError'{0x00000000e905dbe0}: 'long java.lang.invoke.Invokers$Holder.invokeExact_MT(java.lang.Object, java.lang.Object)'> (0x00000000e905dbe0) 
thrown [s\open\src\hotspot\share\interpreter\linkResolver.cpp, line 773]
Event: 77.978 Thread 0x0000021c8125a5b0 Exception <a 'java/lang/NoSuchMethodError'{0x00000000e9086b88}: static Lorg/gradle/internal/operations/OperationIdentifier;.<clinit>()V> (0x00000000e9086b88) 
thrown [s\open\src\hotspot\share\prims\jni.cpp, line 1111]
Event: 77.981 Thread 0x0000021c8125a5b0 Exception <a 'java/lang/NoSuchMethodError'{0x00000000e9090718}: static Lorg/gradle/internal/build/event/types/DefaultBinaryPluginIdentifier;.<clinit>()V> (0x00000000e9090718) 
thrown [s\open\src\hotspot\share\prims\jni.cpp, line 1111]
Event: 78.427 Thread 0x0000021c82cd13a0 Exception <a 'java/lang/IncompatibleClassChangeError'{0x00000000e8d0d908}: Found class java.lang.Object, but interface was expected> (0x00000000e8d0d908) 
thrown [s\open\src\hotspot\share\interpreter\linkResolver.cpp, line 840]
Event: 78.432 Thread 0x0000021c82cd13a0 Exception <a 'java/lang/NoSuchMethodError'{0x00000000e8d1ff08}: static Ljava/lang/Object;.<clinit>()V> (0x00000000e8d1ff08) 
thrown [s\open\src\hotspot\share\prims\jni.cpp, line 1111]
Event: 79.000 Thread 0x0000021c82cd13a0 Exception <a 'java/lang/NoSuchMethodError'{0x00000000e8919988}: 'int java.lang.invoke.DirectMethodHandle$Holder.invokeStaticInit(java.lang.Object, java.lang.Object, java.lang.Object, java.lang.Object, java.lang.Object)'> (0x00000000e8919988) 
thrown [s\open\src\hotspot\share\interpreter\linkResolver.cpp, line 773]
Event: 79.385 Thread 0x0000021c82cd13a0 Exception <a 'java/lang/NoSuchMethodError'{0x00000000efe5ae50}: 'void java.lang.invoke.DirectMethodHandle$Holder.invokeVirtual(java.lang.Object, java.lang.Object)'> (0x00000000efe5ae50) 
thrown [s\open\src\hotspot\share\interpreter\linkResolver.cpp, line 773]
Event: 79.866 Thread 0x0000021c82cd13a0 Exception <a 'java/lang/IncompatibleClassChangeError'{0x00000000ef2493f0}: Found class java.lang.Object, but interface was expected> (0x00000000ef2493f0) 
thrown [s\open\src\hotspot\share\interpreter\linkResolver.cpp, line 840]
Event: 79.898 Thread 0x0000021c82cd13a0 Exception <a 'sun/nio/fs/WindowsException'{0x00000000ef2e1230}> (0x00000000ef2e1230) 
thrown [s\open\src\hotspot\share\prims\jni.cpp, line 520]
Event: 79.903 Thread 0x0000021c82cd13a0 Exception <a 'sun/nio/fs/WindowsException'{0x00000000ef2e8380}> (0x00000000ef2e8380) 
thrown [s\open\src\hotspot\share\prims\jni.cpp, line 520]
Event: 79.906 Thread 0x0000021c82cd13a0 Exception <a 'sun/nio/fs/WindowsException'{0x00000000ef2e8f38}> (0x00000000ef2e8f38) 
thrown [s\open\src\hotspot\share\prims\jni.cpp, line 520]
Event: 79.912 Thread 0x0000021c82cd13a0 Exception <a 'sun/nio/fs/WindowsException'{0x00000000ef2e9b20}> (0x00000000ef2e9b20) 
thrown [s\open\src\hotspot\share\prims\jni.cpp, line 520]
Event: 79.917 Thread 0x0000021c82cd13a0 Exception <a 'sun/nio/fs/WindowsException'{0x00000000ef2ea6d0}> (0x00000000ef2ea6d0) 
thrown [s\open\src\hotspot\share\prims\jni.cpp, line 520]
Event: 79.921 Thread 0x0000021c82cd13a0 Exception <a 'sun/nio/fs/WindowsException'{0x00000000ef2eb270}> (0x00000000ef2eb270) 
thrown [s\open\src\hotspot\share\prims\jni.cpp, line 520]

ZGC Phase Switch (0 events):
No events

VM Operations (20 events):
Event: 78.727 Executing VM operation: HandshakeAllThreads (Deoptimize)
Event: 78.727 Executing VM operation: HandshakeAllThreads (Deoptimize) done
Event: 78.944 Executing VM operation: ICBufferFull
Event: 78.945 Executing VM operation: ICBufferFull done
Event: 79.078 Executing VM operation: CollectForMetadataAllocation (Metadata GC Threshold)
Event: 79.187 Executing VM operation: CollectForMetadataAllocation (Metadata GC Threshold) done
Event: 79.454 Executing VM operation: CollectForMetadataAllocation (Metadata GC Threshold)
Event: 79.499 Executing VM operation: CollectForMetadataAllocation (Metadata GC Threshold) done
Event: 79.636 Executing VM operation: G1PauseRemark
Event: 79.649 Executing VM operation: G1PauseRemark done
Event: 79.717 Executing VM operation: G1PauseCleanup
Event: 79.717 Executing VM operation: G1PauseCleanup done
Event: 80.046 Executing VM operation: HandshakeAllThreads (Deoptimize)
Event: 80.046 Executing VM operation: HandshakeAllThreads (Deoptimize) done
Event: 80.201 Executing VM operation: HandshakeAllThreads (Deoptimize)
Event: 80.202 Executing VM operation: HandshakeAllThreads (Deoptimize) done
Event: 81.218 Executing VM operation: Cleanup
Event: 81.218 Executing VM operation: Cleanup done
Event: 83.234 Executing VM operation: Cleanup
Event: 83.235 Executing VM operation: Cleanup done

Events (20 events):
Event: 79.646 Thread 0x0000021cd6aeafb0 flushing nmethod 0x0000021cc4fb5e90
Event: 79.646 Thread 0x0000021cd6aeafb0 flushing nmethod 0x0000021cc4fca510
Event: 79.646 Thread 0x0000021cd6aeafb0 flushing nmethod 0x0000021cc4fcaf10
Event: 79.646 Thread 0x0000021cd6aeafb0 flushing nmethod 0x0000021cc4fcc190
Event: 79.646 Thread 0x0000021cd6aeafb0 flushing nmethod 0x0000021cc4fcc910
Event: 79.646 Thread 0x0000021cd6aeafb0 flushing nmethod 0x0000021cc4fcf210
Event: 79.646 Thread 0x0000021cd6aeafb0 flushing nmethod 0x0000021cc4fd0310
Event: 79.646 Thread 0x0000021cd6aeafb0 flushing nmethod 0x0000021cc4fe7d90
Event: 79.646 Thread 0x0000021cd6aeafb0 flushing nmethod 0x0000021cc51aad90
Event: 79.646 Thread 0x0000021cd6aeafb0 flushing nmethod 0x0000021cc51b3310
Event: 79.646 Thread 0x0000021cd6aeafb0 flushing nmethod 0x0000021cc51dba90
Event: 79.646 Thread 0x0000021cd6aeafb0 flushing nmethod 0x0000021cc51e4d90
Event: 79.646 Thread 0x0000021cd6aeafb0 flushing nmethod 0x0000021cc527e990
Event: 79.646 Thread 0x0000021cd6aeafb0 flushing nmethod 0x0000021cc52eb490
Event: 79.646 Thread 0x0000021cd6aeafb0 flushing nmethod 0x0000021cc52f2d10
Event: 79.646 Thread 0x0000021cd6aeafb0 flushing nmethod 0x0000021cc530da10
Event: 79.646 Thread 0x0000021cd6aeafb0 flushing nmethod 0x0000021cc5470510
Event: 79.646 Thread 0x0000021cd6aeafb0 flushing nmethod 0x0000021cc5471a10
Event: 79.646 Thread 0x0000021cd6aeafb0 flushing nmethod 0x0000021cc54ba610
Event: 79.646 Thread 0x0000021cd6aeafb0 flushing nmethod 0x0000021cc54ba990


Dynamic libraries:
0x00007ff751780000 - 0x00007ff751790000 	C:\Users\RABIO15\.jdks\graalvm-jdk-21.0.5\bin\java.exe
0x00007ffa58560000 - 0x00007ffa58769000 	C:\windows\SYSTEM32\ntdll.dll
0x00007ffa56e70000 - 0x00007ffa56f2d000 	C:\windows\System32\KERNEL32.DLL
0x00007ffa55cf0000 - 0x00007ffa56074000 	C:\windows\System32\KERNELBASE.dll
0x00007ffa55ab0000 - 0x00007ffa55bc1000 	C:\windows\System32\ucrtbase.dll
0x00007ffa3e060000 - 0x00007ffa3e079000 	C:\Users\RABIO15\.jdks\graalvm-jdk-21.0.5\bin\jli.dll
0x00007ffa56740000 - 0x00007ffa567ee000 	C:\windows\System32\ADVAPI32.dll
0x00007ffa58470000 - 0x00007ffa58513000 	C:\windows\System32\msvcrt.dll
0x00007ffa583d0000 - 0x00007ffa5846e000 	C:\windows\System32\sechost.dll
0x00007ffa58230000 - 0x00007ffa58351000 	C:\windows\System32\RPCRT4.dll
0x00007ffa56a90000 - 0x00007ffa56c3d000 	C:\windows\System32\USER32.dll
0x00007ffa562e0000 - 0x00007ffa56306000 	C:\windows\System32\win32u.dll
0x00007ffa565d0000 - 0x00007ffa565fa000 	C:\windows\System32\GDI32.dll
0x00007ffa55bd0000 - 0x00007ffa55cee000 	C:\windows\System32\gdi32full.dll
0x00007ffa56310000 - 0x00007ffa563ad000 	C:\windows\System32\msvcp_win.dll
0x00007ffa2df90000 - 0x00007ffa2dfab000 	C:\Users\RABIO15\.jdks\graalvm-jdk-21.0.5\bin\VCRUNTIME140.dll
0x00007ffa3dc80000 - 0x00007ffa3df25000 	C:\windows\WinSxS\amd64_microsoft.windows.common-controls_6595b64144ccf1df_6.0.22000.120_none_9d947278b86cc467\COMCTL32.dll
0x00007ffa40bc0000 - 0x00007ffa40bca000 	C:\windows\SYSTEM32\VERSION.dll
0x00007ffa581f0000 - 0x00007ffa58221000 	C:\windows\System32\IMM32.DLL
0x00007ffa3cac0000 - 0x00007ffa3cacc000 	C:\Users\RABIO15\.jdks\graalvm-jdk-21.0.5\bin\vcruntime140_1.dll
0x00007ffa1cc30000 - 0x00007ffa1ccbe000 	C:\Users\RABIO15\.jdks\graalvm-jdk-21.0.5\bin\msvcp140.dll
0x00007ffa11000000 - 0x00007ffa11d23000 	C:\Users\RABIO15\.jdks\graalvm-jdk-21.0.5\bin\server\jvm.dll
0x00007ffa56600000 - 0x00007ffa5666f000 	C:\windows\System32\WS2_32.dll
0x00007ffa4dc10000 - 0x00007ffa4dc43000 	C:\windows\SYSTEM32\WINMM.dll
0x00007ffa558c0000 - 0x00007ffa5590d000 	C:\windows\SYSTEM32\POWRPROF.dll
0x00007ffa557f0000 - 0x00007ffa55803000 	C:\windows\SYSTEM32\UMPDC.dll
0x00007ffa54a60000 - 0x00007ffa54a78000 	C:\windows\SYSTEM32\kernel.appcore.dll
0x00007ffa3ca90000 - 0x00007ffa3ca9a000 	C:\Users\RABIO15\.jdks\graalvm-jdk-21.0.5\bin\jimage.dll
0x00007ffa535b0000 - 0x00007ffa537d1000 	C:\windows\SYSTEM32\DBGHELP.DLL
0x00007ffa38700000 - 0x00007ffa38731000 	C:\windows\SYSTEM32\dbgcore.DLL
0x00007ffa56080000 - 0x00007ffa560ff000 	C:\windows\System32\bcryptPrimitives.dll
0x00007ffa2df10000 - 0x00007ffa2df1f000 	C:\Users\RABIO15\.jdks\graalvm-jdk-21.0.5\bin\instrument.dll
0x00007ffa27cb0000 - 0x00007ffa27ccf000 	C:\Users\RABIO15\.jdks\graalvm-jdk-21.0.5\bin\java.dll
0x00007ffa57480000 - 0x00007ffa57c45000 	C:\windows\System32\SHELL32.dll
0x00007ffa53ac0000 - 0x00007ffa54322000 	C:\windows\SYSTEM32\windows.storage.dll
0x00007ffa56f40000 - 0x00007ffa572b6000 	C:\windows\System32\combase.dll
0x00007ffa53950000 - 0x00007ffa53ab7000 	C:\windows\SYSTEM32\wintypes.dll
0x00007ffa567f0000 - 0x00007ffa568da000 	C:\windows\System32\SHCORE.dll
0x00007ffa58360000 - 0x00007ffa583bd000 	C:\windows\System32\shlwapi.dll
0x00007ffa55920000 - 0x00007ffa55945000 	C:\windows\SYSTEM32\profapi.dll
0x00007ffa1ab70000 - 0x00007ffa1ac47000 	C:\Users\RABIO15\.jdks\graalvm-jdk-21.0.5\bin\jsvml.dll
0x00007ffa27580000 - 0x00007ffa27598000 	C:\Users\RABIO15\.jdks\graalvm-jdk-21.0.5\bin\zip.dll
0x00007ff9fbdb0000 - 0x00007ff9fed15000 	C:\Users\RABIO15\.jdks\graalvm-jdk-21.0.5\bin\jvmcicompiler.dll
0x00007ffa583c0000 - 0x00007ffa583c8000 	C:\windows\System32\PSAPI.DLL
0x00007ffa56100000 - 0x00007ffa56262000 	C:\windows\System32\CRYPT32.dll
0x00007ffa55000000 - 0x00007ffa5502c000 	C:\windows\SYSTEM32\USERENV.dll
0x00007ffa552a0000 - 0x00007ffa552c8000 	C:\windows\SYSTEM32\ncrypt.dll
0x00007ffa54580000 - 0x00007ffa545ad000 	C:\windows\SYSTEM32\IPHLPAPI.DLL
0x00007ffa54f10000 - 0x00007ffa54f77000 	C:\windows\SYSTEM32\MSWSOCK.dll
0x00007ffa55260000 - 0x00007ffa55297000 	C:\windows\SYSTEM32\NTASN1.dll
0x00007ffa2ac80000 - 0x00007ffa2ac90000 	C:\Users\RABIO15\.jdks\graalvm-jdk-21.0.5\bin\net.dll
0x00007ffa4ef30000 - 0x00007ffa4f044000 	C:\windows\SYSTEM32\WINHTTP.dll
0x00007ffa20d10000 - 0x00007ffa20d26000 	C:\Users\RABIO15\.jdks\graalvm-jdk-21.0.5\bin\nio.dll
0x00007ffa2aad0000 - 0x00007ffa2aae0000 	C:\Users\RABIO15\.jdks\graalvm-jdk-21.0.5\bin\verify.dll
0x00007ffa3cad0000 - 0x00007ffa3caf7000 	C:\Users\RABIO15\.gradle\native\c067742578af261105cb4f569cf0c3c89f3d7b1fecec35dd04571415982c5e48\windows-amd64\native-platform.dll
0x00007ffa18f10000 - 0x00007ffa19054000 	C:\Users\RABIO15\.gradle\native\100fb08df4bc3b14c8652ba06237920a3bd2aa13389f12d3474272988ae205f9\windows-amd64\native-platform-file-events.dll
0x00007ffa2a9f0000 - 0x00007ffa2a9fa000 	C:\Users\RABIO15\.jdks\graalvm-jdk-21.0.5\bin\management.dll
0x00007ffa28820000 - 0x00007ffa2882b000 	C:\Users\RABIO15\.jdks\graalvm-jdk-21.0.5\bin\management_ext.dll
0x00007ffa55150000 - 0x00007ffa55168000 	C:\windows\SYSTEM32\CRYPTSP.dll
0x00007ffa549c0000 - 0x00007ffa549f5000 	C:\windows\system32\rsaenh.dll
0x00007ffa552d0000 - 0x00007ffa552f7000 	C:\windows\SYSTEM32\bcrypt.dll
0x00007ffa55170000 - 0x00007ffa5517c000 	C:\windows\SYSTEM32\CRYPTBASE.dll
0x00007ffa56990000 - 0x00007ffa56999000 	C:\windows\System32\NSI.dll
0x00007ffa27fa0000 - 0x00007ffa27fa9000 	C:\Users\RABIO15\.jdks\graalvm-jdk-21.0.5\bin\extnet.dll
0x00007ffa27ca0000 - 0x00007ffa27cae000 	C:\Users\RABIO15\.jdks\graalvm-jdk-21.0.5\bin\sunmscapi.dll
0x00007ffa27640000 - 0x00007ffa27648000 	C:\windows\system32\wshunix.dll

dbghelp: loaded successfully - version: 4.0.5 - missing functions: none
symbol engine: initialized successfully - sym options: 0x614 - pdb path: .;C:\Users\RABIO15\.jdks\graalvm-jdk-21.0.5\bin;C:\windows\SYSTEM32;C:\windows\WinSxS\amd64_microsoft.windows.common-controls_6595b64144ccf1df_6.0.22000.120_none_9d947278b86cc467;C:\Users\RABIO15\.jdks\graalvm-jdk-21.0.5\bin\server;C:\Users\RABIO15\.gradle\native\c067742578af261105cb4f569cf0c3c89f3d7b1fecec35dd04571415982c5e48\windows-amd64;C:\Users\RABIO15\.gradle\native\100fb08df4bc3b14c8652ba06237920a3bd2aa13389f12d3474272988ae205f9\windows-amd64

VM Arguments:
jvm_args: -XX:ThreadPriorityPolicy=1 -XX:+UnlockExperimentalVMOptions -XX:+EnableJVMCIProduct -XX:-UnlockExperimentalVMOptions --add-opens=java.base/java.util=ALL-UNNAMED --add-opens=java.base/java.lang=ALL-UNNAMED --add-opens=java.base/java.lang.invoke=ALL-UNNAMED --add-opens=java.prefs/java.util.prefs=ALL-UNNAMED --add-opens=java.base/java.nio.charset=ALL-UNNAMED --add-opens=java.base/java.net=ALL-UNNAMED --add-opens=java.base/java.util.concurrent.atomic=ALL-UNNAMED -XX:MaxMetaspaceSize=384m -XX:+HeapDumpOnOutOfMemoryError -Xms256m -Xmx512m -Dfile.encoding=UTF-8 -Duser.country=FR -Duser.language=fr -Duser.variant -javaagent:C:\Users\RABIO15\.gradle\wrapper\dists\gradle-8.8-bin\dl7vupf4psengwqhwktix4v1\gradle-8.8\lib\agents\gradle-instrumentation-agent-8.8.jar 
java_command: org.gradle.launcher.daemon.bootstrap.GradleDaemon 8.8
java_class_path (initial): C:\Users\RABIO15\.gradle\wrapper\dists\gradle-8.8-bin\dl7vupf4psengwqhwktix4v1\gradle-8.8\lib\gradle-launcher-8.8.jar
Launcher Type: SUN_STANDARD

[Global flags]
     intx CICompilerCount                          = 3                                         {product} {ergonomic}
   size_t CompressedClassSpaceSize                 = 335544320                                 {product} {ergonomic}
     uint ConcGCThreads                            = 1                                         {product} {ergonomic}
     bool EnableJVMCIProduct                       = true                                {JVMCI product} {jimage}
     uint G1ConcRefinementThreads                  = 4                                         {product} {ergonomic}
   size_t G1HeapRegionSize                         = 1048576                                   {product} {ergonomic}
    uintx GCDrainStackTargetSize                   = 64                                        {product} {ergonomic}
     bool HeapDumpOnOutOfMemoryError               = true                                   {manageable} {command line}
   size_t InitialHeapSize                          = 268435456                                 {product} {command line}
   size_t MarkStackSize                            = 4194304                                   {product} {ergonomic}
   size_t MaxHeapSize                              = 536870912                                 {product} {command line}
   size_t MaxMetaspaceSize                         = 402653184                                 {product} {command line}
   size_t MaxNewSize                               = 321912832                                 {product} {ergonomic}
   size_t MinHeapDeltaBytes                        = 1048576                                   {product} {ergonomic}
   size_t MinHeapSize                              = 268435456                                 {product} {command line}
    uintx NonNMethodCodeHeapSize                   = 6402904                                {pd product} {ergonomic}
    uintx NonProfiledCodeHeapSize                  = 122627668                              {pd product} {ergonomic}
    uintx ProfiledCodeHeapSize                     = 122627668                              {pd product} {ergonomic}
    uintx ReservedCodeCacheSize                    = 251658240                              {pd product} {ergonomic}
     bool SegmentedCodeCache                       = true                                      {product} {ergonomic}
   size_t SoftMaxHeapSize                          = 536870912                              {manageable} {ergonomic}
      int ThreadPriorityPolicy                     = 1                                         {product} {jimage}
     bool UseCompressedOops                        = true                           {product lp64_product} {ergonomic}
     bool UseG1GC                                  = true                                      {product} {ergonomic}
     bool UseLargePagesIndividualAllocation        = false                                  {pd product} {ergonomic}

Logging:
Log output configuration:
 #0: stdout all=warning uptime,level,tags foldmultilines=false
 #1: stderr all=off uptime,level,tags foldmultilines=false

Environment Variables:
JAVA_HOME=C:\Program Files\Java\jdk-22
PATH=C:\Program Files\Eclipse Adoptium\jdk-21.0.7.6-hotspot\bin;C:\Program Files\Eclipse Adoptium\jdk-8.0.452.9-hotspot\bin;C:\Program Files\Common Files\Oracle\Java\javapath;C:\Program Files (x86)\Common Files\Oracle\Java\javapath;C:\ProgramData\Oracle\Java\javapath;C:\windows\system32;C:\windows;C:\windows\System32\Wbem;C:\windows\System32\WindowsPowerShell\v1.0\;C:\windows\System32\OpenSSH\;C:\Program Files\Intel\TXE Components\DAL\;C:\Program Files (x86)\Intel\TXE Components\DAL\;C:\ProgramData\chocolatey\bin;C:\Program Files\Process Lasso\;C:\Gradle\bin;C:\Program Files\Git\cmd;C:\Program Files\Common Files\Oracle\Java\javapath;C:\Program Files (x86)\Common Files\Oracle\Java\javapath;C:\ProgramData\Oracle\Java\javapath;C:\windows\system32;C:\windows;C:\windows\System32\Wbem;C:\windows\System32\WindowsPowerShell\v1.0\;C:\windows\System32\OpenSSH\;C:\Program Files\Intel\TXE Components\DAL\;C:\Program Files (x86)\Intel\TXE Components\DAL\;C:\ProgramData\chocolatey\bin;C:\Program Files\Process Lasso\;C:\Users\RABIO15\AppData\Local\Programs\Python\Python311\Scripts\;C:\Users\RABIO15\AppData\Local\Programs\Python\Python311\;C:\Users\RABIO15\AppData\Local\Microsoft\WindowsApps;C:\Program Files\Java\jdk-22\bin
USERNAME=RABIO15
OS=Windows_NT
PROCESSOR_IDENTIFIER=Intel64 Family 6 Model 122 Stepping 8, GenuineIntel
TMP=C:\Users\RABIO15\AppData\Local\Temp
TEMP=C:\Users\RABIO15\AppData\Local\Temp




Periodic native trim disabled

---------------  S Y S T E M  ---------------

OS:
 Windows 11 , 64 bit Build 22000 (10.0.22000.2538)
OS uptime: 0 days 7:15 hours

CPU: total 4 (initial active 4) (4 cores per cpu, 1 threads per core) family 6 model 122 stepping 8 microcode 0x22, cx8, cmov, fxsr, mmx, 3dnowpref, sse, sse2, sse3, ssse3, sse4.1, sse4.2, popcnt, tsc, tscinvbit, aes, erms, clmul, sha, clflush, clflushopt, rdtscp, rdpid
Processor Information for all 4 processors :
  Max Mhz: 1101, Current Mhz: 1101, Mhz Limit: 1101

Memory: 4k page, system-wide physical 3915M (296M free)
TotalPageFile size 8915M (AvailPageFile size 0M)
current process WorkingSet (physical memory assigned to process): 423M, peak: 423M
current process commit charge ("private bytes"): 510M, peak: 510M

vm_info: Java HotSpot(TM) 64-Bit Server VM (21.0.5+9-LTS-jvmci-23.1-b48) for windows-amd64 JRE (21.0.5+9-LTS-jvmci-23.1-b48), built on 2024-10-01T10:26:49Z by "OCIWIN28Buildbot" with MS VC++ 17.6 (VS2022)

END.
